[0.291s] Invoking command in '/home/tortoisebot/smart_retail_ws/build/ydlidar': CMAKE_PREFIX_PATH=${CMAKE_PREFIX_PATH}:/home/tortoisebot/smart_retail_ws/install/tortoisebot_control:/home/tortoisebot/smart_retail_ws/install/smart_retail_perception:/home/tortoisebot/smart_retail_ws/install/patrol_manager:/home/tortoisebot/smart_retail_ws/install/odom_fusion:/home/tortoisebot/smart_retail_ws/install/dashboard:/opt/ros/galactic:/opt/ros/galactic
: /usr/bin/cmake /home/tortoisebot/smart_retail_ws/src/tortoisebot/ydlidar-ros2 -DAMENT_CMAKE_SYMLINK_INSTALL=1 -DCMAKE_INSTALL_PREFIX=/home/tortoisebot/smart_retail_ws/install/ydlidar
[0.591s] -- The C compiler identification is GNU 9.4.0
[0.884s] -- The CXX compiler identification is GNU 9.4.0
[0.911s] -- Check for working C compiler: /usr/bin/cc
[1.273s] -- Check for working C compiler: /usr/bin/cc -- works
[1.277s] -- Detecting C compiler ABI info
[1.641s] -- Detecting C compiler ABI info - done
[1.682s] -- Detecting C compile features
[1.683s] -- Detecting C compile features - done
[1.694s] -- Check for working CXX compiler: /usr/bin/c++
[2.097s] -- Check for working CXX compiler: /usr/bin/c++ -- works
[2.104s] -- Detecting CXX compiler ABI info
[2.527s] -- Detecting CXX compiler ABI info - done
[2.574s] -- Detecting CXX compile features
[2.576s] -- Detecting CXX compile features - done
[2.611s] -- Found ament_cmake: 1.1.6 (/opt/ros/galactic/share/ament_cmake/cmake)
[2.804s] -- Found PythonInterp: /usr/bin/python3 (found suitable version "3.8.10", minimum required is "3") 
[2.805s] -- Using PYTHON_EXECUTABLE: /usr/bin/python3
[3.171s] -- Override CMake install command with custom implementation using symlinks instead of copying resources
[3.565s] -- Found rclcpp: 9.2.2 (/opt/ros/galactic/share/rclcpp/cmake)
[4.111s] -- Using all available rosidl_typesupport_c: rosidl_typesupport_fastrtps_c;rosidl_typesupport_introspection_c
[4.206s] -- Found rosidl_adapter: 2.2.3 (/opt/ros/galactic/share/rosidl_adapter/cmake)
[5.034s] -- Found OpenSSL: /usr/lib/aarch64-linux-gnu/libcrypto.so (found version "1.1.1f")  
[5.369s] -- Found FastRTPS: /opt/ros/galactic/include  
[6.203s] -- Using all available rosidl_typesupport_cpp: rosidl_typesupport_fastrtps_cpp;rosidl_typesupport_introspection_cpp
[6.588s] -- Found rmw_implementation_cmake: 3.3.1 (/opt/ros/galactic/share/rmw_implementation_cmake/cmake)
[6.625s] -- Found rmw_cyclonedds_cpp: 0.22.6 (/opt/ros/galactic/share/rmw_cyclonedds_cpp/cmake)
[6.732s] -- Using RMW implementation 'rmw_cyclonedds_cpp' as default
[6.736s] -- Looking for pthread.h
[7.065s] -- Looking for pthread.h - found
[7.066s] -- Performing Test CMAKE_HAVE_LIBC_PTHREAD
[7.392s] -- Performing Test CMAKE_HAVE_LIBC_PTHREAD - Failed
[7.393s] -- Looking for pthread_create in pthreads
[7.657s] -- Looking for pthread_create in pthreads - not found
[7.658s] -- Looking for pthread_create in pthread
[7.977s] -- Looking for pthread_create in pthread - found
[7.981s] -- Found Threads: TRUE  
[8.772s] -- Found sensor_msgs: 2.2.4 (/opt/ros/galactic/share/sensor_msgs/cmake)
[9.261s] -- Found visualization_msgs: 2.2.4 (/opt/ros/galactic/share/visualization_msgs/cmake)
[9.574s] -- Found ament_lint_auto: 0.10.7 (/opt/ros/galactic/share/ament_lint_auto/cmake)
[10.200s] -- Added test 'copyright' to check source files copyright and LICENSE
[10.452s] -- Added test 'cppcheck' to perform static code analysis on C / C++ code
[10.454s] -- Configured cppcheck include dirs: /home/tortoisebot/smart_retail_ws/src/tortoisebot/ydlidar-ros2/src;/home/tortoisebot/smart_retail_ws/src/tortoisebot/ydlidar-ros2/sdk/include;/home/tortoisebot/smart_retail_ws/src/tortoisebot/ydlidar-ros2/sdk/src
[10.455s] -- Configured cppcheck exclude dirs and/or files: 
[10.704s] -- Added test 'cpplint' to check C / C++ code against the Google style
[10.704s] -- Configured cpplint exclude dirs and/or files: 
[10.739s] -- Added test 'flake8' to check Python code syntax and style conventions
[10.805s] -- Added test 'lint_cmake' to check CMake code style
[10.839s] -- Added test 'pep257' to check Python code against some of the style conventions in PEP 257
[11.090s] -- Added test 'uncrustify' to check C / C++ code style
[11.091s] -- Configured uncrustify additional arguments: 
[11.125s] -- Added test 'xmllint' to check XML markup files
[11.154s] -- Configuring done
[11.224s] -- Generating done
[11.232s] -- Build files have been written to: /home/tortoisebot/smart_retail_ws/build/ydlidar
[11.272s] Invoked command in '/home/tortoisebot/smart_retail_ws/build/ydlidar' returned '0': CMAKE_PREFIX_PATH=${CMAKE_PREFIX_PATH}:/home/tortoisebot/smart_retail_ws/install/tortoisebot_control:/home/tortoisebot/smart_retail_ws/install/smart_retail_perception:/home/tortoisebot/smart_retail_ws/install/patrol_manager:/home/tortoisebot/smart_retail_ws/install/odom_fusion:/home/tortoisebot/smart_retail_ws/install/dashboard:/opt/ros/galactic:/opt/ros/galactic
: /usr/bin/cmake /home/tortoisebot/smart_retail_ws/src/tortoisebot/ydlidar-ros2 -DAMENT_CMAKE_SYMLINK_INSTALL=1 -DCMAKE_INSTALL_PREFIX=/home/tortoisebot/smart_retail_ws/install/ydlidar
[11.282s] Invoking command in '/home/tortoisebot/smart_retail_ws/build/ydlidar': CMAKE_PREFIX_PATH=${CMAKE_PREFIX_PATH}:/home/tortoisebot/smart_retail_ws/install/tortoisebot_control:/home/tortoisebot/smart_retail_ws/install/smart_retail_perception:/home/tortoisebot/smart_retail_ws/install/patrol_manager:/home/tortoisebot/smart_retail_ws/install/odom_fusion:/home/tortoisebot/smart_retail_ws/install/dashboard:/opt/ros/galactic:/opt/ros/galactic
: /usr/bin/cmake --build /home/tortoisebot/smart_retail_ws/build/ydlidar -- -j4 -l4
[11.498s] [35m[1mScanning dependencies of target ydlidar_client[0m
[11.503s] [35m[1mScanning dependencies of target ydlidar_node[0m
[11.731s] [  9%] [32mBuilding CXX object CMakeFiles/ydlidar_client.dir/src/ydlidar_client.cpp.o[0m
[11.830s] [ 18%] [32mBuilding CXX object CMakeFiles/ydlidar_node.dir/src/ydlidar_node.cpp.o[0m
[11.849s] [ 27%] [32mBuilding CXX object CMakeFiles/ydlidar_node.dir/sdk/src/impl/unix/list_ports_linux.cpp.o[0m
[11.852s] [ 36%] [32mBuilding CXX object CMakeFiles/ydlidar_node.dir/sdk/src/CYdLidar.cpp.o[0m
[14.478s] In file included from [01m[K/home/tortoisebot/smart_retail_ws/src/tortoisebot/ydlidar-ros2/sdk/include/serial.h:9[m[K,
[14.478s]                  from [01m[K/home/tortoisebot/smart_retail_ws/src/tortoisebot/ydlidar-ros2/sdk/src/impl/unix/list_ports_linux.cpp:26[m[K:
[14.480s] [01m[K/home/tortoisebot/smart_retail_ws/src/tortoisebot/ydlidar-ros2/sdk/include/v8stdint.h:[m[K In function ‘[01m[Kbool ydlidar::fileExists(std::string)[m[K’:
[14.480s] [01m[K/home/tortoisebot/smart_retail_ws/src/tortoisebot/ydlidar-ros2/sdk/include/v8stdint.h:240:24:[m[K [01;35m[Kwarning: [m[Kmissing initializer for member ‘[01m[Kstat::st_ino[m[K’ [[01;35m[K-Wmissing-field-initializers[m[K]
[14.481s]   240 |   struct stat info = {0[01;35m[K}[m[K;
[14.482s]       |                        [01;35m[K^[m[K
[14.483s] [01m[K/home/tortoisebot/smart_retail_ws/src/tortoisebot/ydlidar-ros2/sdk/include/v8stdint.h:240:24:[m[K [01;35m[Kwarning: [m[Kmissing initializer for member ‘[01m[Kstat::st_mode[m[K’ [[01;35m[K-Wmissing-field-initializers[m[K]
[14.484s] [01m[K/home/tortoisebot/smart_retail_ws/src/tortoisebot/ydlidar-ros2/sdk/include/v8stdint.h:240:24:[m[K [01;35m[Kwarning: [m[Kmissing initializer for member ‘[01m[Kstat::st_nlink[m[K’ [[01;35m[K-Wmissing-field-initializers[m[K]
[14.484s] [01m[K/home/tortoisebot/smart_retail_ws/src/tortoisebot/ydlidar-ros2/sdk/include/v8stdint.h:240:24:[m[K [01;35m[Kwarning: [m[Kmissing initializer for member ‘[01m[Kstat::st_uid[m[K’ [[01;35m[K-Wmissing-field-initializers[m[K]
[14.485s] [01m[K/home/tortoisebot/smart_retail_ws/src/tortoisebot/ydlidar-ros2/sdk/include/v8stdint.h:240:24:[m[K [01;35m[Kwarning: [m[Kmissing initializer for member ‘[01m[Kstat::st_gid[m[K’ [[01;35m[K-Wmissing-field-initializers[m[K]
[14.486s] [01m[K/home/tortoisebot/smart_retail_ws/src/tortoisebot/ydlidar-ros2/sdk/include/v8stdint.h:240:24:[m[K [01;35m[Kwarning: [m[Kmissing initializer for member ‘[01m[Kstat::st_rdev[m[K’ [[01;35m[K-Wmissing-field-initializers[m[K]
[14.487s] [01m[K/home/tortoisebot/smart_retail_ws/src/tortoisebot/ydlidar-ros2/sdk/include/v8stdint.h:240:24:[m[K [01;35m[Kwarning: [m[Kmissing initializer for member ‘[01m[Kstat::__pad1[m[K’ [[01;35m[K-Wmissing-field-initializers[m[K]
[14.500s] [01m[K/home/tortoisebot/smart_retail_ws/src/tortoisebot/ydlidar-ros2/sdk/include/v8stdint.h:240:24:[m[K [01;35m[Kwarning: [m[Kmissing initializer for member ‘[01m[Kstat::st_size[m[K’ [[01;35m[K-Wmissing-field-initializers[m[K]
[14.502s] [01m[K/home/tortoisebot/smart_retail_ws/src/tortoisebot/ydlidar-ros2/sdk/include/v8stdint.h:240:24:[m[K [01;35m[Kwarning: [m[Kmissing initializer for member ‘[01m[Kstat::st_blksize[m[K’ [[01;35m[K-Wmissing-field-initializers[m[K]
[14.504s] [01m[K/home/tortoisebot/smart_retail_ws/src/tortoisebot/ydlidar-ros2/sdk/include/v8stdint.h:240:24:[m[K [01;35m[Kwarning: [m[Kmissing initializer for member ‘[01m[Kstat::__pad2[m[K’ [[01;35m[K-Wmissing-field-initializers[m[K]
[14.505s] [01m[K/home/tortoisebot/smart_retail_ws/src/tortoisebot/ydlidar-ros2/sdk/include/v8stdint.h:240:24:[m[K [01;35m[Kwarning: [m[Kmissing initializer for member ‘[01m[Kstat::st_blocks[m[K’ [[01;35m[K-Wmissing-field-initializers[m[K]
[14.505s] [01m[K/home/tortoisebot/smart_retail_ws/src/tortoisebot/ydlidar-ros2/sdk/include/v8stdint.h:240:24:[m[K [01;35m[Kwarning: [m[Kmissing initializer for member ‘[01m[Kstat::st_atim[m[K’ [[01;35m[K-Wmissing-field-initializers[m[K]
[14.507s] [01m[K/home/tortoisebot/smart_retail_ws/src/tortoisebot/ydlidar-ros2/sdk/include/v8stdint.h:240:24:[m[K [01;35m[Kwarning: [m[Kmissing initializer for member ‘[01m[Kstat::st_mtim[m[K’ [[01;35m[K-Wmissing-field-initializers[m[K]
[14.508s] [01m[K/home/tortoisebot/smart_retail_ws/src/tortoisebot/ydlidar-ros2/sdk/include/v8stdint.h:240:24:[m[K [01;35m[Kwarning: [m[Kmissing initializer for member ‘[01m[Kstat::st_ctim[m[K’ [[01;35m[K-Wmissing-field-initializers[m[K]
[14.509s] [01m[K/home/tortoisebot/smart_retail_ws/src/tortoisebot/ydlidar-ros2/sdk/include/v8stdint.h:240:24:[m[K [01;35m[Kwarning: [m[Kmissing initializer for member ‘[01m[Kstat::__glibc_reserved[m[K’ [[01;35m[K-Wmissing-field-initializers[m[K]
[14.518s] [01m[K/home/tortoisebot/smart_retail_ws/src/tortoisebot/ydlidar-ros2/sdk/src/impl/unix/list_ports_linux.cpp:[m[K In function ‘[01m[Kstd::vector<std::__cxx11::basic_string<char> > glob(const std::vector<std::__cxx11::basic_string<char> >&)[m[K’:
[14.519s] [01m[K/home/tortoisebot/smart_retail_ws/src/tortoisebot/ydlidar-ros2/sdk/src/impl/unix/list_ports_linux.cpp:58:7:[m[K [01;35m[Kwarning: [m[Kvariable ‘[01m[Kglob_retval[m[K’ set but not used [[01;35m[K-Wunused-but-set-variable[m[K]
[14.520s]    58 |   int [01;35m[Kglob_retval[m[K = glob(patterns[0].c_str(), 0, NULL, &glob_results);
[14.520s]       |       [01;35m[K^~~~~~~~~~~[m[K
[15.556s] In file included from [01m[K/home/tortoisebot/smart_retail_ws/src/tortoisebot/ydlidar-ros2/sdk/include/serial.h:9[m[K,
[15.557s]                  from [01m[K/home/tortoisebot/smart_retail_ws/src/tortoisebot/ydlidar-ros2/sdk/include/ydlidar_driver.h:54[m[K,
[15.558s]                  from [01m[K/home/tortoisebot/smart_retail_ws/src/tortoisebot/ydlidar-ros2/sdk/include/CYdLidar.h:36[m[K,
[15.559s]                  from [01m[K/home/tortoisebot/smart_retail_ws/src/tortoisebot/ydlidar-ros2/sdk/src/CYdLidar.cpp:34[m[K:
[15.560s] [01m[K/home/tortoisebot/smart_retail_ws/src/tortoisebot/ydlidar-ros2/sdk/include/v8stdint.h:[m[K In function ‘[01m[Kbool ydlidar::fileExists(std::string)[m[K’:
[15.560s] [01m[K/home/tortoisebot/smart_retail_ws/src/tortoisebot/ydlidar-ros2/sdk/include/v8stdint.h:240:24:[m[K [01;35m[Kwarning: [m[Kmissing initializer for member ‘[01m[Kstat::st_ino[m[K’ [[01;35m[K-Wmissing-field-initializers[m[K]
[15.561s]   240 |   struct stat info = {0[01;35m[K}[m[K;
[15.562s]       |                        [01;35m[K^[m[K
[15.563s] [01m[K/home/tortoisebot/smart_retail_ws/src/tortoisebot/ydlidar-ros2/sdk/include/v8stdint.h:240:24:[m[K [01;35m[Kwarning: [m[Kmissing initializer for member ‘[01m[Kstat::st_mode[m[K’ [[01;35m[K-Wmissing-field-initializers[m[K]
[15.564s] [01m[K/home/tortoisebot/smart_retail_ws/src/tortoisebot/ydlidar-ros2/sdk/include/v8stdint.h:240:24:[m[K [01;35m[Kwarning: [m[Kmissing initializer for member ‘[01m[Kstat::st_nlink[m[K’ [[01;35m[K-Wmissing-field-initializers[m[K]
[15.564s] [01m[K/home/tortoisebot/smart_retail_ws/src/tortoisebot/ydlidar-ros2/sdk/include/v8stdint.h:240:24:[m[K [01;35m[Kwarning: [m[Kmissing initializer for member ‘[01m[Kstat::st_uid[m[K’ [[01;35m[K-Wmissing-field-initializers[m[K]
[15.565s] [01m[K/home/tortoisebot/smart_retail_ws/src/tortoisebot/ydlidar-ros2/sdk/include/v8stdint.h:240:24:[m[K [01;35m[Kwarning: [m[Kmissing initializer for member ‘[01m[Kstat::st_gid[m[K’ [[01;35m[K-Wmissing-field-initializers[m[K]
[15.566s] [01m[K/home/tortoisebot/smart_retail_ws/src/tortoisebot/ydlidar-ros2/sdk/include/v8stdint.h:240:24:[m[K [01;35m[Kwarning: [m[Kmissing initializer for member ‘[01m[Kstat::st_rdev[m[K’ [[01;35m[K-Wmissing-field-initializers[m[K]
[15.567s] [01m[K/home/tortoisebot/smart_retail_ws/src/tortoisebot/ydlidar-ros2/sdk/include/v8stdint.h:240:24:[m[K [01;35m[Kwarning: [m[Kmissing initializer for member ‘[01m[Kstat::__pad1[m[K’ [[01;35m[K-Wmissing-field-initializers[m[K]
[15.576s] [01m[K/home/tortoisebot/smart_retail_ws/src/tortoisebot/ydlidar-ros2/sdk/include/v8stdint.h:240:24:[m[K [01;35m[Kwarning: [m[Kmissing initializer for member ‘[01m[Kstat::st_size[m[K’ [[01;35m[K-Wmissing-field-initializers[m[K]
[15.577s] [01m[K/home/tortoisebot/smart_retail_ws/src/tortoisebot/ydlidar-ros2/sdk/include/v8stdint.h:240:24:[m[K [01;35m[Kwarning: [m[Kmissing initializer for member ‘[01m[Kstat::st_blksize[m[K’ [[01;35m[K-Wmissing-field-initializers[m[K]
[15.577s] [01m[K/home/tortoisebot/smart_retail_ws/src/tortoisebot/ydlidar-ros2/sdk/include/v8stdint.h:240:24:[m[K [01;35m[Kwarning: [m[Kmissing initializer for member ‘[01m[Kstat::__pad2[m[K’ [[01;35m[K-Wmissing-field-initializers[m[K]
[15.578s] [01m[K/home/tortoisebot/smart_retail_ws/src/tortoisebot/ydlidar-ros2/sdk/include/v8stdint.h:240:24:[m[K [01;35m[Kwarning: [m[Kmissing initializer for member ‘[01m[Kstat::st_blocks[m[K’ [[01;35m[K-Wmissing-field-initializers[m[K]
[15.579s] [01m[K/home/tortoisebot/smart_retail_ws/src/tortoisebot/ydlidar-ros2/sdk/include/v8stdint.h:240:24:[m[K [01;35m[Kwarning: [m[Kmissing initializer for member ‘[01m[Kstat::st_atim[m[K’ [[01;35m[K-Wmissing-field-initializers[m[K]
[15.580s] [01m[K/home/tortoisebot/smart_retail_ws/src/tortoisebot/ydlidar-ros2/sdk/include/v8stdint.h:240:24:[m[K [01;35m[Kwarning: [m[Kmissing initializer for member ‘[01m[Kstat::st_mtim[m[K’ [[01;35m[K-Wmissing-field-initializers[m[K]
[15.581s] [01m[K/home/tortoisebot/smart_retail_ws/src/tortoisebot/ydlidar-ros2/sdk/include/v8stdint.h:240:24:[m[K [01;35m[Kwarning: [m[Kmissing initializer for member ‘[01m[Kstat::st_ctim[m[K’ [[01;35m[K-Wmissing-field-initializers[m[K]
[15.582s] [01m[K/home/tortoisebot/smart_retail_ws/src/tortoisebot/ydlidar-ros2/sdk/include/v8stdint.h:240:24:[m[K [01;35m[Kwarning: [m[Kmissing initializer for member ‘[01m[Kstat::__glibc_reserved[m[K’ [[01;35m[K-Wmissing-field-initializers[m[K]
[15.590s] In file included from [01m[K/home/tortoisebot/smart_retail_ws/src/tortoisebot/ydlidar-ros2/sdk/include/ydlidar_driver.h:56[m[K,
[15.600s]                  from [01m[K/home/tortoisebot/smart_retail_ws/src/tortoisebot/ydlidar-ros2/sdk/include/CYdLidar.h:36[m[K,
[15.601s]                  from [01m[K/home/tortoisebot/smart_retail_ws/src/tortoisebot/ydlidar-ros2/sdk/src/CYdLidar.cpp:34[m[K:
[15.602s] [01m[K/home/tortoisebot/smart_retail_ws/src/tortoisebot/ydlidar-ros2/sdk/include/thread.h:[m[K In static member function ‘[01m[Kstatic Thread Thread::createThread(thread_proc_t, void*)[m[K’:
[15.603s] [01m[K/home/tortoisebot/smart_retail_ws/src/tortoisebot/ydlidar-ros2/sdk/include/thread.h:43:76:[m[K [01;35m[Kwarning: [m[Kcast between incompatible function types from ‘[01m[Kthread_proc_t[m[K’ {aka ‘[01m[Klong unsigned int (*)(void*)[m[K’} to ‘[01m[Kvoid* (*)(void*)[m[K’ [[01;35m[K-Wcast-function-type[m[K]
[15.604s]    43 |     pthread_create((pthread_t *)&thread_._handle, NULL, (void *(*)(void *))[01;35m[Kproc[m[K,
[15.604s]       |                                                                            [01;35m[K^~~~[m[K
[15.706s] In file included from [01m[K/home/tortoisebot/smart_retail_ws/src/tortoisebot/ydlidar-ros2/sdk/include/ydlidar_driver.h:58[m[K,
[15.707s]                  from [01m[K/home/tortoisebot/smart_retail_ws/src/tortoisebot/ydlidar-ros2/sdk/include/CYdLidar.h:36[m[K,
[15.708s]                  from [01m[K/home/tortoisebot/smart_retail_ws/src/tortoisebot/ydlidar-ros2/sdk/src/CYdLidar.cpp:34[m[K:
[15.709s] [01m[K/home/tortoisebot/smart_retail_ws/src/tortoisebot/ydlidar-ros2/sdk/include/help_info.h:[m[K In function ‘[01m[Kbool ydlidar::isSupportMotorCtrl(int)[m[K’:
[15.710s] [01m[K/home/tortoisebot/smart_retail_ws/src/tortoisebot/ydlidar-ros2/sdk/include/help_info.h:414:8:[m[K [01;35m[Kwarning: [m[Kvariable ‘[01m[Kret[m[K’ set but not used [[01;35m[K-Wunused-but-set-variable[m[K]
[15.710s]   414 |   bool [01;35m[Kret[m[K = false;
[15.711s]       |        [01;35m[K^~~[m[K
[16.226s] [ 45%] [32mBuilding CXX object CMakeFiles/ydlidar_node.dir/sdk/src/impl/unix/unix_serial.cpp.o[0m
[16.929s] [01m[K/home/tortoisebot/smart_retail_ws/src/tortoisebot/ydlidar-ros2/sdk/src/CYdLidar.cpp:[m[K In member function ‘[01m[Kbool CYdLidar::doProcessSimple(LaserScan&, bool&)[m[K’:
[16.930s] [01m[K/home/tortoisebot/smart_retail_ws/src/tortoisebot/ydlidar-ros2/sdk/src/CYdLidar.cpp:216:23:[m[K [01;35m[Kwarning: [m[Kcomparison of integer expressions of different signedness: ‘[01m[Kint[m[K’ and ‘[01m[Ksize_t[m[K’ {aka ‘[01m[Klong unsigned int[m[K’} [[01;35m[K-Wsign-compare[m[K]
[16.931s]   216 |     for (int i = 0; [01;35m[Ki < count[m[K; i++) {
[16.933s]       |                     [01;35m[K~~^~~~~~~[m[K
[18.446s] In file included from [01m[K/home/tortoisebot/smart_retail_ws/src/tortoisebot/ydlidar-ros2/sdk/include/serial.h:9[m[K,
[18.447s]                  from [01m[K/home/tortoisebot/smart_retail_ws/src/tortoisebot/ydlidar-ros2/sdk/src/impl/unix/unix_serial.h:9[m[K,
[18.449s]                  from [01m[K/home/tortoisebot/smart_retail_ws/src/tortoisebot/ydlidar-ros2/sdk/src/impl/unix/unix_serial.cpp:39[m[K:
[18.450s] [01m[K/home/tortoisebot/smart_retail_ws/src/tortoisebot/ydlidar-ros2/sdk/include/v8stdint.h:[m[K In function ‘[01m[Kbool ydlidar::fileExists(std::string)[m[K’:
[18.452s] [01m[K/home/tortoisebot/smart_retail_ws/src/tortoisebot/ydlidar-ros2/sdk/include/v8stdint.h:240:24:[m[K [01;35m[Kwarning: [m[Kmissing initializer for member ‘[01m[Kstat::st_ino[m[K’ [[01;35m[K-Wmissing-field-initializers[m[K]
[18.453s]   240 |   struct stat info = {0[01;35m[K}[m[K;
[18.455s]       |                        [01;35m[K^[m[K
[18.456s] [01m[K/home/tortoisebot/smart_retail_ws/src/tortoisebot/ydlidar-ros2/sdk/include/v8stdint.h:240:24:[m[K [01;35m[Kwarning: [m[Kmissing initializer for member ‘[01m[Kstat::st_mode[m[K’ [[01;35m[K-Wmissing-field-initializers[m[K]
[18.458s] [01m[K/home/tortoisebot/smart_retail_ws/src/tortoisebot/ydlidar-ros2/sdk/include/v8stdint.h:240:24:[m[K [01;35m[Kwarning: [m[Kmissing initializer for member ‘[01m[Kstat::st_nlink[m[K’ [[01;35m[K-Wmissing-field-initializers[m[K]
[18.459s] [01m[K/home/tortoisebot/smart_retail_ws/src/tortoisebot/ydlidar-ros2/sdk/include/v8stdint.h:240:24:[m[K [01;35m[Kwarning: [m[Kmissing initializer for member ‘[01m[Kstat::st_uid[m[K’ [[01;35m[K-Wmissing-field-initializers[m[K]
[18.463s] [01m[K/home/tortoisebot/smart_retail_ws/src/tortoisebot/ydlidar-ros2/sdk/include/v8stdint.h:240:24:[m[K [01;35m[Kwarning: [m[Kmissing initializer for member ‘[01m[Kstat::st_gid[m[K’ [[01;35m[K-Wmissing-field-initializers[m[K]
[18.464s] [01m[K/home/tortoisebot/smart_retail_ws/src/tortoisebot/ydlidar-ros2/sdk/include/v8stdint.h:240:24:[m[K [01;35m[Kwarning: [m[Kmissing initializer for member ‘[01m[Kstat::st_rdev[m[K’ [[01;35m[K-Wmissing-field-initializers[m[K]
[18.464s] [01m[K/home/tortoisebot/smart_retail_ws/src/tortoisebot/ydlidar-ros2/sdk/include/v8stdint.h:240:24:[m[K [01;35m[Kwarning: [m[Kmissing initializer for member ‘[01m[Kstat::__pad1[m[K’ [[01;35m[K-Wmissing-field-initializers[m[K]
[18.465s] [01m[K/home/tortoisebot/smart_retail_ws/src/tortoisebot/ydlidar-ros2/sdk/include/v8stdint.h:240:24:[m[K [01;35m[Kwarning: [m[Kmissing initializer for member ‘[01m[Kstat::st_size[m[K’ [[01;35m[K-Wmissing-field-initializers[m[K]
[18.466s] [01m[K/home/tortoisebot/smart_retail_ws/src/tortoisebot/ydlidar-ros2/sdk/include/v8stdint.h:240:24:[m[K [01;35m[Kwarning: [m[Kmissing initializer for member ‘[01m[Kstat::st_blksize[m[K’ [[01;35m[K-Wmissing-field-initializers[m[K]
[18.467s] [01m[K/home/tortoisebot/smart_retail_ws/src/tortoisebot/ydlidar-ros2/sdk/include/v8stdint.h:240:24:[m[K [01;35m[Kwarning: [m[Kmissing initializer for member ‘[01m[Kstat::__pad2[m[K’ [[01;35m[K-Wmissing-field-initializers[m[K]
[18.468s] [01m[K/home/tortoisebot/smart_retail_ws/src/tortoisebot/ydlidar-ros2/sdk/include/v8stdint.h:240:24:[m[K [01;35m[Kwarning: [m[Kmissing initializer for member ‘[01m[Kstat::st_blocks[m[K’ [[01;35m[K-Wmissing-field-initializers[m[K]
[18.480s] [01m[K/home/tortoisebot/smart_retail_ws/src/tortoisebot/ydlidar-ros2/sdk/include/v8stdint.h:240:24:[m[K [01;35m[Kwarning: [m[Kmissing initializer for member ‘[01m[Kstat::st_atim[m[K’ [[01;35m[K-Wmissing-field-initializers[m[K]
[18.483s] [01m[K/home/tortoisebot/smart_retail_ws/src/tortoisebot/ydlidar-ros2/sdk/include/v8stdint.h:240:24:[m[K [01;35m[Kwarning: [m[Kmissing initializer for member ‘[01m[Kstat::st_mtim[m[K’ [[01;35m[K-Wmissing-field-initializers[m[K]
[18.484s] [01m[K/home/tortoisebot/smart_retail_ws/src/tortoisebot/ydlidar-ros2/sdk/include/v8stdint.h:240:24:[m[K [01;35m[Kwarning: [m[Kmissing initializer for member ‘[01m[Kstat::st_ctim[m[K’ [[01;35m[K-Wmissing-field-initializers[m[K]
[18.485s] [01m[K/home/tortoisebot/smart_retail_ws/src/tortoisebot/ydlidar-ros2/sdk/include/v8stdint.h:240:24:[m[K [01;35m[Kwarning: [m[Kmissing initializer for member ‘[01m[Kstat::__glibc_reserved[m[K’ [[01;35m[K-Wmissing-field-initializers[m[K]
[18.534s] [01m[K/home/tortoisebot/smart_retail_ws/src/tortoisebot/ydlidar-ros2/sdk/src/impl/unix/unix_serial.cpp:[m[K In member function ‘[01m[Kbool serial::Serial::SerialImpl::setCustomBaudRate(long unsigned int)[m[K’:
[18.535s] [01m[K/home/tortoisebot/smart_retail_ws/src/tortoisebot/ydlidar-ros2/sdk/src/impl/unix/unix_serial.cpp:1235:40:[m[K [01;35m[Kwarning: [m[Kcomparison of integer expressions of different signedness: ‘[01m[Klong unsigned int[m[K’ and ‘[01m[Kint[m[K’ [[01;35m[K-Wsign-compare[m[K]
[18.536s]  1235 |   if ([01;35m[Kserial.custom_divisor * baudrate != serial.baud_base[m[K) {
[18.537s]       |       [01;35m[K~~~~~~~~~~~~~~~~~~~~~~~~~~~~~~~~~^~~~~~~~~~~~~~~~~~~[m[K
[19.409s] [ 54%] [32mBuilding CXX object CMakeFiles/ydlidar_node.dir/sdk/src/impl/unix/unix_timer.cpp.o[0m
[19.783s] [ 63%] [32mBuilding C object CMakeFiles/ydlidar_node.dir/sdk/src/lock.c.o[0m
[20.019s] [01m[K/home/tortoisebot/smart_retail_ws/src/tortoisebot/ydlidar-ros2/sdk/src/lock.c:[m[K In function ‘[01m[Kfhs_lock[m[K’:
[20.020s] [01m[K/home/tortoisebot/smart_retail_ws/src/tortoisebot/ydlidar-ros2/sdk/src/lock.c:199:40:[m[K [01;35m[Kwarning: [m[Kunused parameter ‘[01m[Kpid[m[K’ [[01;35m[K-Wunused-parameter[m[K]
[20.021s]   199 | int fhs_lock(const char *filename, [01;35m[Kint pid[m[K) {
[20.022s]       |                                    [01;35m[K~~~~^~~[m[K
[20.023s] [01m[K/home/tortoisebot/smart_retail_ws/src/tortoisebot/ydlidar-ros2/sdk/src/lock.c:[m[K In function ‘[01m[Kuucp_lock[m[K’:
[20.024s] [01m[K/home/tortoisebot/smart_retail_ws/src/tortoisebot/ydlidar-ros2/sdk/src/lock.c:281:41:[m[K [01;35m[Kwarning: [m[Kunused parameter ‘[01m[Kpid[m[K’ [[01;35m[K-Wunused-parameter[m[K]
[20.025s]   281 | int uucp_lock(const char *filename, [01;35m[Kint pid[m[K) {
[20.025s]       |                                     [01;35m[K~~~~^~~[m[K
[20.290s] [ 72%] [32mBuilding CXX object CMakeFiles/ydlidar_node.dir/sdk/src/serial.cpp.o[0m
[20.804s] In file included from [01m[K/home/tortoisebot/smart_retail_ws/src/tortoisebot/ydlidar-ros2/sdk/include/timer.h:2[m[K,
[20.805s]                  from [01m[K/home/tortoisebot/smart_retail_ws/src/tortoisebot/ydlidar-ros2/sdk/src/impl/unix/unix_timer.cpp:2[m[K:
[20.806s] [01m[K/home/tortoisebot/smart_retail_ws/src/tortoisebot/ydlidar-ros2/sdk/include/v8stdint.h:[m[K In function ‘[01m[Kbool ydlidar::fileExists(std::string)[m[K’:
[20.807s] [01m[K/home/tortoisebot/smart_retail_ws/src/tortoisebot/ydlidar-ros2/sdk/include/v8stdint.h:240:24:[m[K [01;35m[Kwarning: [m[Kmissing initializer for member ‘[01m[Kstat::st_ino[m[K’ [[01;35m[K-Wmissing-field-initializers[m[K]
[20.808s]   240 |   struct stat info = {0[01;35m[K}[m[K;
[20.809s]       |                        [01;35m[K^[m[K
[20.810s] [01m[K/home/tortoisebot/smart_retail_ws/src/tortoisebot/ydlidar-ros2/sdk/include/v8stdint.h:240:24:[m[K [01;35m[Kwarning: [m[Kmissing initializer for member ‘[01m[Kstat::st_mode[m[K’ [[01;35m[K-Wmissing-field-initializers[m[K]
[20.811s] [01m[K/home/tortoisebot/smart_retail_ws/src/tortoisebot/ydlidar-ros2/sdk/include/v8stdint.h:240:24:[m[K [01;35m[Kwarning: [m[Kmissing initializer for member ‘[01m[Kstat::st_nlink[m[K’ [[01;35m[K-Wmissing-field-initializers[m[K]
[20.812s] [01m[K/home/tortoisebot/smart_retail_ws/src/tortoisebot/ydlidar-ros2/sdk/include/v8stdint.h:240:24:[m[K [01;35m[Kwarning: [m[Kmissing initializer for member ‘[01m[Kstat::st_uid[m[K’ [[01;35m[K-Wmissing-field-initializers[m[K]
[20.812s] [01m[K/home/tortoisebot/smart_retail_ws/src/tortoisebot/ydlidar-ros2/sdk/include/v8stdint.h:240:24:[m[K [01;35m[Kwarning: [m[Kmissing initializer for member ‘[01m[Kstat::st_gid[m[K’ [[01;35m[K-Wmissing-field-initializers[m[K]
[20.813s] [01m[K/home/tortoisebot/smart_retail_ws/src/tortoisebot/ydlidar-ros2/sdk/include/v8stdint.h:240:24:[m[K [01;35m[Kwarning: [m[Kmissing initializer for member ‘[01m[Kstat::st_rdev[m[K’ [[01;35m[K-Wmissing-field-initializers[m[K]
[20.815s] [01m[K/home/tortoisebot/smart_retail_ws/src/tortoisebot/ydlidar-ros2/sdk/include/v8stdint.h:240:24:[m[K [01;35m[Kwarning: [m[Kmissing initializer for member ‘[01m[Kstat::__pad1[m[K’ [[01;35m[K-Wmissing-field-initializers[m[K]
[20.832s] [01m[K/home/tortoisebot/smart_retail_ws/src/tortoisebot/ydlidar-ros2/sdk/include/v8stdint.h:240:24:[m[K [01;35m[Kwarning: [m[Kmissing initializer for member ‘[01m[Kstat::st_size[m[K’ [[01;35m[K-Wmissing-field-initializers[m[K]
[20.833s] [01m[K/home/tortoisebot/smart_retail_ws/src/tortoisebot/ydlidar-ros2/sdk/include/v8stdint.h:240:24:[m[K [01;35m[Kwarning: [m[Kmissing initializer for member ‘[01m[Kstat::st_blksize[m[K’ [[01;35m[K-Wmissing-field-initializers[m[K]
[20.834s] [01m[K/home/tortoisebot/smart_retail_ws/src/tortoisebot/ydlidar-ros2/sdk/include/v8stdint.h:240:24:[m[K [01;35m[Kwarning: [m[Kmissing initializer for member ‘[01m[Kstat::__pad2[m[K’ [[01;35m[K-Wmissing-field-initializers[m[K]
[20.835s] [01m[K/home/tortoisebot/smart_retail_ws/src/tortoisebot/ydlidar-ros2/sdk/include/v8stdint.h:240:24:[m[K [01;35m[Kwarning: [m[Kmissing initializer for member ‘[01m[Kstat::st_blocks[m[K’ [[01;35m[K-Wmissing-field-initializers[m[K]
[20.835s] [01m[K/home/tortoisebot/smart_retail_ws/src/tortoisebot/ydlidar-ros2/sdk/include/v8stdint.h:240:24:[m[K [01;35m[Kwarning: [m[Kmissing initializer for member ‘[01m[Kstat::st_atim[m[K’ [[01;35m[K-Wmissing-field-initializers[m[K]
[20.836s] [01m[K/home/tortoisebot/smart_retail_ws/src/tortoisebot/ydlidar-ros2/sdk/include/v8stdint.h:240:24:[m[K [01;35m[Kwarning: [m[Kmissing initializer for member ‘[01m[Kstat::st_mtim[m[K’ [[01;35m[K-Wmissing-field-initializers[m[K]
[20.837s] [01m[K/home/tortoisebot/smart_retail_ws/src/tortoisebot/ydlidar-ros2/sdk/include/v8stdint.h:240:24:[m[K [01;35m[Kwarning: [m[Kmissing initializer for member ‘[01m[Kstat::st_ctim[m[K’ [[01;35m[K-Wmissing-field-initializers[m[K]
[20.838s] [01m[K/home/tortoisebot/smart_retail_ws/src/tortoisebot/ydlidar-ros2/sdk/include/v8stdint.h:240:24:[m[K [01;35m[Kwarning: [m[Kmissing initializer for member ‘[01m[Kstat::__glibc_reserved[m[K’ [[01;35m[K-Wmissing-field-initializers[m[K]
[21.227s] [ 81%] [32mBuilding CXX object CMakeFiles/ydlidar_node.dir/sdk/src/ydlidar_driver.cpp.o[0m
[24.014s] In file included from [01m[K/home/tortoisebot/smart_retail_ws/src/tortoisebot/ydlidar-ros2/sdk/include/serial.h:9[m[K,
[24.016s]                  from [01m[K/home/tortoisebot/smart_retail_ws/src/tortoisebot/ydlidar-ros2/sdk/src/serial.cpp:11[m[K:
[24.017s] [01m[K/home/tortoisebot/smart_retail_ws/src/tortoisebot/ydlidar-ros2/sdk/include/v8stdint.h:[m[K In function ‘[01m[Kbool ydlidar::fileExists(std::string)[m[K’:
[24.018s] [01m[K/home/tortoisebot/smart_retail_ws/src/tortoisebot/ydlidar-ros2/sdk/include/v8stdint.h:240:24:[m[K [01;35m[Kwarning: [m[Kmissing initializer for member ‘[01m[Kstat::st_ino[m[K’ [[01;35m[K-Wmissing-field-initializers[m[K]
[24.020s]   240 |   struct stat info = {0[01;35m[K}[m[K;
[24.021s]       |                        [01;35m[K^[m[K
[24.023s] [01m[K/home/tortoisebot/smart_retail_ws/src/tortoisebot/ydlidar-ros2/sdk/include/v8stdint.h:240:24:[m[K [01;35m[Kwarning: [m[Kmissing initializer for member ‘[01m[Kstat::st_mode[m[K’ [[01;35m[K-Wmissing-field-initializers[m[K]
[24.024s] [01m[K/home/tortoisebot/smart_retail_ws/src/tortoisebot/ydlidar-ros2/sdk/include/v8stdint.h:240:24:[m[K [01;35m[Kwarning: [m[Kmissing initializer for member ‘[01m[Kstat::st_nlink[m[K’ [[01;35m[K-Wmissing-field-initializers[m[K]
[24.026s] [01m[K/home/tortoisebot/smart_retail_ws/src/tortoisebot/ydlidar-ros2/sdk/include/v8stdint.h:240:24:[m[K [01;35m[Kwarning: [m[Kmissing initializer for member ‘[01m[Kstat::st_uid[m[K’ [[01;35m[K-Wmissing-field-initializers[m[K]
[24.027s] [01m[K/home/tortoisebot/smart_retail_ws/src/tortoisebot/ydlidar-ros2/sdk/include/v8stdint.h:240:24:[m[K [01;35m[Kwarning: [m[Kmissing initializer for member ‘[01m[Kstat::st_gid[m[K’ [[01;35m[K-Wmissing-field-initializers[m[K]
[24.029s] [01m[K/home/tortoisebot/smart_retail_ws/src/tortoisebot/ydlidar-ros2/sdk/include/v8stdint.h:240:24:[m[K [01;35m[Kwarning: [m[Kmissing initializer for member ‘[01m[Kstat::st_rdev[m[K’ [[01;35m[K-Wmissing-field-initializers[m[K]
[24.029s] [01m[K/home/tortoisebot/smart_retail_ws/src/tortoisebot/ydlidar-ros2/sdk/include/v8stdint.h:240:24:[m[K [01;35m[Kwarning: [m[Kmissing initializer for member ‘[01m[Kstat::__pad1[m[K’ [[01;35m[K-Wmissing-field-initializers[m[K]
[24.044s] [01m[K/home/tortoisebot/smart_retail_ws/src/tortoisebot/ydlidar-ros2/sdk/include/v8stdint.h:240:24:[m[K [01;35m[Kwarning: [m[Kmissing initializer for member ‘[01m[Kstat::st_size[m[K’ [[01;35m[K-Wmissing-field-initializers[m[K]
[24.045s] [01m[K/home/tortoisebot/smart_retail_ws/src/tortoisebot/ydlidar-ros2/sdk/include/v8stdint.h:240:24:[m[K [01;35m[Kwarning: [m[Kmissing initializer for member ‘[01m[Kstat::st_blksize[m[K’ [[01;35m[K-Wmissing-field-initializers[m[K]
[24.046s] [01m[K/home/tortoisebot/smart_retail_ws/src/tortoisebot/ydlidar-ros2/sdk/include/v8stdint.h:240:24:[m[K [01;35m[Kwarning: [m[Kmissing initializer for member ‘[01m[Kstat::__pad2[m[K’ [[01;35m[K-Wmissing-field-initializers[m[K]
[24.047s] [01m[K/home/tortoisebot/smart_retail_ws/src/tortoisebot/ydlidar-ros2/sdk/include/v8stdint.h:240:24:[m[K [01;35m[Kwarning: [m[Kmissing initializer for member ‘[01m[Kstat::st_blocks[m[K’ [[01;35m[K-Wmissing-field-initializers[m[K]
[24.048s] [01m[K/home/tortoisebot/smart_retail_ws/src/tortoisebot/ydlidar-ros2/sdk/include/v8stdint.h:240:24:[m[K [01;35m[Kwarning: [m[Kmissing initializer for member ‘[01m[Kstat::st_atim[m[K’ [[01;35m[K-Wmissing-field-initializers[m[K]
[24.048s] [01m[K/home/tortoisebot/smart_retail_ws/src/tortoisebot/ydlidar-ros2/sdk/include/v8stdint.h:240:24:[m[K [01;35m[Kwarning: [m[Kmissing initializer for member ‘[01m[Kstat::st_mtim[m[K’ [[01;35m[K-Wmissing-field-initializers[m[K]
[24.050s] [01m[K/home/tortoisebot/smart_retail_ws/src/tortoisebot/ydlidar-ros2/sdk/include/v8stdint.h:240:24:[m[K [01;35m[Kwarning: [m[Kmissing initializer for member ‘[01m[Kstat::st_ctim[m[K’ [[01;35m[K-Wmissing-field-initializers[m[K]
[24.051s] [01m[K/home/tortoisebot/smart_retail_ws/src/tortoisebot/ydlidar-ros2/sdk/include/v8stdint.h:240:24:[m[K [01;35m[Kwarning: [m[Kmissing initializer for member ‘[01m[Kstat::__glibc_reserved[m[K’ [[01;35m[K-Wmissing-field-initializers[m[K]
[24.053s] In file included from [01m[K/home/tortoisebot/smart_retail_ws/src/tortoisebot/ydlidar-ros2/sdk/include/serial.h:9[m[K,
[24.053s]                  from [01m[K/home/tortoisebot/smart_retail_ws/src/tortoisebot/ydlidar-ros2/sdk/include/ydlidar_driver.h:54[m[K,
[24.054s]                  from [01m[K/home/tortoisebot/smart_retail_ws/src/tortoisebot/ydlidar-ros2/sdk/src/ydlidar_driver.cpp:34[m[K:
[24.055s] [01m[K/home/tortoisebot/smart_retail_ws/src/tortoisebot/ydlidar-ros2/sdk/include/v8stdint.h:[m[K In function ‘[01m[Kbool ydlidar::fileExists(std::string)[m[K’:
[24.056s] [01m[K/home/tortoisebot/smart_retail_ws/src/tortoisebot/ydlidar-ros2/sdk/include/v8stdint.h:240:24:[m[K [01;35m[Kwarning: [m[Kmissing initializer for member ‘[01m[Kstat::st_ino[m[K’ [[01;35m[K-Wmissing-field-initializers[m[K]
[24.057s]   240 |   struct stat info = {0[01;35m[K}[m[K;
[24.057s]       |                        [01;35m[K^[m[K
[24.058s] [01m[K/home/tortoisebot/smart_retail_ws/src/tortoisebot/ydlidar-ros2/sdk/include/v8stdint.h:240:24:[m[K [01;35m[Kwarning: [m[Kmissing initializer for member ‘[01m[Kstat::st_mode[m[K’ [[01;35m[K-Wmissing-field-initializers[m[K]
[24.059s] [01m[K/home/tortoisebot/smart_retail_ws/src/tortoisebot/ydlidar-ros2/sdk/include/v8stdint.h:240:24:[m[K [01;35m[Kwarning: [m[Kmissing initializer for member ‘[01m[Kstat::st_nlink[m[K’ [[01;35m[K-Wmissing-field-initializers[m[K]
[24.060s] [01m[K/home/tortoisebot/smart_retail_ws/src/tortoisebot/ydlidar-ros2/sdk/include/v8stdint.h:240:24:[m[K [01;35m[Kwarning: [m[Kmissing initializer for member ‘[01m[Kstat::st_uid[m[K’ [[01;35m[K-Wmissing-field-initializers[m[K]
[24.061s] [01m[K/home/tortoisebot/smart_retail_ws/src/tortoisebot/ydlidar-ros2/sdk/include/v8stdint.h:240:24:[m[K [01;35m[Kwarning: [m[Kmissing initializer for member ‘[01m[Kstat::st_gid[m[K’ [[01;35m[K-Wmissing-field-initializers[m[K]
[24.061s] [01m[K/home/tortoisebot/smart_retail_ws/src/tortoisebot/ydlidar-ros2/sdk/include/v8stdint.h:240:24:[m[K [01;35m[Kwarning: [m[Kmissing initializer for member ‘[01m[Kstat::st_rdev[m[K’ [[01;35m[K-Wmissing-field-initializers[m[K]
[24.062s] [01m[K/home/tortoisebot/smart_retail_ws/src/tortoisebot/ydlidar-ros2/sdk/include/v8stdint.h:240:24:[m[K [01;35m[Kwarning: [m[Kmissing initializer for member ‘[01m[Kstat::__pad1[m[K’ [[01;35m[K-Wmissing-field-initializers[m[K]
[24.063s] [01m[K/home/tortoisebot/smart_retail_ws/src/tortoisebot/ydlidar-ros2/sdk/include/v8stdint.h:240:24:[m[K [01;35m[Kwarning: [m[Kmissing initializer for member ‘[01m[Kstat::st_size[m[K’ [[01;35m[K-Wmissing-field-initializers[m[K]
[24.080s] [01m[K/home/tortoisebot/smart_retail_ws/src/tortoisebot/ydlidar-ros2/sdk/include/v8stdint.h:240:24:[m[K [01;35m[Kwarning: [m[Kmissing initializer for member ‘[01m[Kstat::st_blksize[m[K’ [[01;35m[K-Wmissing-field-initializers[m[K]
[24.081s] [01m[K/home/tortoisebot/smart_retail_ws/src/tortoisebot/ydlidar-ros2/sdk/include/v8stdint.h:240:24:[m[K [01;35m[Kwarning: [m[Kmissing initializer for member ‘[01m[Kstat::__pad2[m[K’ [[01;35m[K-Wmissing-field-initializers[m[K]
[24.081s] [01m[K/home/tortoisebot/smart_retail_ws/src/tortoisebot/ydlidar-ros2/sdk/include/v8stdint.h:240:24:[m[K [01;35m[Kwarning: [m[Kmissing initializer for member ‘[01m[Kstat::st_blocks[m[K’ [[01;35m[K-Wmissing-field-initializers[m[K]
[24.082s] [01m[K/home/tortoisebot/smart_retail_ws/src/tortoisebot/ydlidar-ros2/sdk/include/v8stdint.h:240:24:[m[K [01;35m[Kwarning: [m[Kmissing initializer for member ‘[01m[Kstat::st_atim[m[K’ [[01;35m[K-Wmissing-field-initializers[m[K]
[24.083s] [01m[K/home/tortoisebot/smart_retail_ws/src/tortoisebot/ydlidar-ros2/sdk/include/v8stdint.h:240:24:[m[K [01;35m[Kwarning: [m[Kmissing initializer for member ‘[01m[Kstat::st_mtim[m[K’ [[01;35m[K-Wmissing-field-initializers[m[K]
[24.084s] [01m[K/home/tortoisebot/smart_retail_ws/src/tortoisebot/ydlidar-ros2/sdk/include/v8stdint.h:240:24:[m[K [01;35m[Kwarning: [m[Kmissing initializer for member ‘[01m[Kstat::st_ctim[m[K’ [[01;35m[K-Wmissing-field-initializers[m[K]
[24.085s] [01m[K/home/tortoisebot/smart_retail_ws/src/tortoisebot/ydlidar-ros2/sdk/include/v8stdint.h:240:24:[m[K [01;35m[Kwarning: [m[Kmissing initializer for member ‘[01m[Kstat::__glibc_reserved[m[K’ [[01;35m[K-Wmissing-field-initializers[m[K]
[24.085s] In file included from [01m[K/home/tortoisebot/smart_retail_ws/src/tortoisebot/ydlidar-ros2/sdk/include/ydlidar_driver.h:56[m[K,
[24.086s]                  from [01m[K/home/tortoisebot/smart_retail_ws/src/tortoisebot/ydlidar-ros2/sdk/src/ydlidar_driver.cpp:34[m[K:
[24.087s] [01m[K/home/tortoisebot/smart_retail_ws/src/tortoisebot/ydlidar-ros2/sdk/include/thread.h:[m[K In static member function ‘[01m[Kstatic Thread Thread::createThread(thread_proc_t, void*)[m[K’:
[24.088s] [01m[K/home/tortoisebot/smart_retail_ws/src/tortoisebot/ydlidar-ros2/sdk/include/thread.h:43:76:[m[K [01;35m[Kwarning: [m[Kcast between incompatible function types from ‘[01m[Kthread_proc_t[m[K’ {aka ‘[01m[Klong unsigned int (*)(void*)[m[K’} to ‘[01m[Kvoid* (*)(void*)[m[K’ [[01;35m[K-Wcast-function-type[m[K]
[24.100s]    43 |     pthread_create((pthread_t *)&thread_._handle, NULL, (void *(*)(void *))[01;35m[Kproc[m[K,
[24.101s]       |                                                                            [01;35m[K^~~~[m[K
[24.134s] In file included from [01m[K/home/tortoisebot/smart_retail_ws/src/tortoisebot/ydlidar-ros2/sdk/include/ydlidar_driver.h:58[m[K,
[24.135s]                  from [01m[K/home/tortoisebot/smart_retail_ws/src/tortoisebot/ydlidar-ros2/sdk/src/ydlidar_driver.cpp:34[m[K:
[24.136s] [01m[K/home/tortoisebot/smart_retail_ws/src/tortoisebot/ydlidar-ros2/sdk/include/help_info.h:[m[K In function ‘[01m[Kbool ydlidar::isSupportMotorCtrl(int)[m[K’:
[24.137s] [01m[K/home/tortoisebot/smart_retail_ws/src/tortoisebot/ydlidar-ros2/sdk/include/help_info.h:414:8:[m[K [01;35m[Kwarning: [m[Kvariable ‘[01m[Kret[m[K’ set but not used [[01;35m[K-Wunused-but-set-variable[m[K]
[24.138s]   414 |   bool [01;35m[Kret[m[K = false;
[24.138s]       |        [01;35m[K^~~[m[K
[24.475s] In file included from [01m[K/home/tortoisebot/smart_retail_ws/src/tortoisebot/ydlidar-ros2/sdk/src/common.h:47[m[K,
[24.477s]                  from [01m[K/home/tortoisebot/smart_retail_ws/src/tortoisebot/ydlidar-ros2/sdk/src/serial.cpp:12[m[K:
[24.478s] [01m[K/home/tortoisebot/smart_retail_ws/src/tortoisebot/ydlidar-ros2/sdk/include/thread.h:[m[K In static member function ‘[01m[Kstatic Thread Thread::createThread(thread_proc_t, void*)[m[K’:
[24.480s] [01m[K/home/tortoisebot/smart_retail_ws/src/tortoisebot/ydlidar-ros2/sdk/include/thread.h:43:76:[m[K [01;35m[Kwarning: [m[Kcast between incompatible function types from ‘[01m[Kthread_proc_t[m[K’ {aka ‘[01m[Klong unsigned int (*)(void*)[m[K’} to ‘[01m[Kvoid* (*)(void*)[m[K’ [[01;35m[K-Wcast-function-type[m[K]
[24.482s]    43 |     pthread_create((pthread_t *)&thread_._handle, NULL, (void *(*)(void *))[01;35m[Kproc[m[K,
[24.483s]       |                                                                            [01;35m[K^~~~[m[K
[24.579s] [01m[K/home/tortoisebot/smart_retail_ws/src/tortoisebot/ydlidar-ros2/sdk/src/ydlidar_driver.cpp:[m[K In member function ‘[01m[Kresult_t ydlidar::YDlidarDriver::waitPackage(node_info*, uint32_t)[m[K’:
[24.580s] [01m[K/home/tortoisebot/smart_retail_ws/src/tortoisebot/ydlidar-ros2/sdk/src/ydlidar_driver.cpp:992:95:[m[K [01;35m[Kwarning: [m[Ksuggest parentheses around arithmetic in operand of ‘[01m[K|[m[K’ [[01;35m[K-Wparentheses[m[K]
[24.581s]   992 |                                          [01;35m[Kpackages.packageSampleDistance[package_Sample_Index] &[m[K
[24.581s]       |                                          [01;35m[K~~~~~~~~~~~~~~~~~~~~~~~~~~~~~~~~~~~~~~~~~~~~~~~~~~~~~^[m[K
[24.582s]   993 | [01;35m[K                                         0x0003[m[K)) << LIDAR_RESP_MEASUREMENT_QUALITY_SHIFT;
[24.583s]       |                                          [01;35m[K~~~~~~[m[K                                                
[28.044s] In file included from [01m[K/home/tortoisebot/smart_retail_ws/src/tortoisebot/ydlidar-ros2/sdk/include/serial.h:9[m[K,
[28.046s]                  from [01m[K/home/tortoisebot/smart_retail_ws/src/tortoisebot/ydlidar-ros2/sdk/include/ydlidar_driver.h:54[m[K,
[28.046s]                  from [01m[K/home/tortoisebot/smart_retail_ws/src/tortoisebot/ydlidar-ros2/sdk/include/CYdLidar.h:36[m[K,
[28.047s]                  from [01m[K/home/tortoisebot/smart_retail_ws/src/tortoisebot/ydlidar-ros2/src/ydlidar_node.cpp:26[m[K:
[28.048s] [01m[K/home/tortoisebot/smart_retail_ws/src/tortoisebot/ydlidar-ros2/sdk/include/v8stdint.h:[m[K In function ‘[01m[Kbool ydlidar::fileExists(std::string)[m[K’:
[28.048s] [01m[K/home/tortoisebot/smart_retail_ws/src/tortoisebot/ydlidar-ros2/sdk/include/v8stdint.h:240:24:[m[K [01;35m[Kwarning: [m[Kmissing initializer for member ‘[01m[Kstat::st_ino[m[K’ [[01;35m[K-Wmissing-field-initializers[m[K]
[28.049s]   240 |   struct stat info = {0[01;35m[K}[m[K;
[28.049s]       |                        [01;35m[K^[m[K
[28.050s] [01m[K/home/tortoisebot/smart_retail_ws/src/tortoisebot/ydlidar-ros2/sdk/include/v8stdint.h:240:24:[m[K [01;35m[Kwarning: [m[Kmissing initializer for member ‘[01m[Kstat::st_mode[m[K’ [[01;35m[K-Wmissing-field-initializers[m[K]
[28.051s] [01m[K/home/tortoisebot/smart_retail_ws/src/tortoisebot/ydlidar-ros2/sdk/include/v8stdint.h:240:24:[m[K [01;35m[Kwarning: [m[Kmissing initializer for member ‘[01m[Kstat::st_nlink[m[K’ [[01;35m[K-Wmissing-field-initializers[m[K]
[28.051s] [01m[K/home/tortoisebot/smart_retail_ws/src/tortoisebot/ydlidar-ros2/sdk/include/v8stdint.h:240:24:[m[K [01;35m[Kwarning: [m[Kmissing initializer for member ‘[01m[Kstat::st_uid[m[K’ [[01;35m[K-Wmissing-field-initializers[m[K]
[28.052s] [01m[K/home/tortoisebot/smart_retail_ws/src/tortoisebot/ydlidar-ros2/sdk/include/v8stdint.h:240:24:[m[K [01;35m[Kwarning: [m[Kmissing initializer for member ‘[01m[Kstat::st_gid[m[K’ [[01;35m[K-Wmissing-field-initializers[m[K]
[28.053s] [01m[K/home/tortoisebot/smart_retail_ws/src/tortoisebot/ydlidar-ros2/sdk/include/v8stdint.h:240:24:[m[K [01;35m[Kwarning: [m[Kmissing initializer for member ‘[01m[Kstat::st_rdev[m[K’ [[01;35m[K-Wmissing-field-initializers[m[K]
[28.053s] [01m[K/home/tortoisebot/smart_retail_ws/src/tortoisebot/ydlidar-ros2/sdk/include/v8stdint.h:240:24:[m[K [01;35m[Kwarning: [m[Kmissing initializer for member ‘[01m[Kstat::__pad1[m[K’ [[01;35m[K-Wmissing-field-initializers[m[K]
[28.054s] [01m[K/home/tortoisebot/smart_retail_ws/src/tortoisebot/ydlidar-ros2/sdk/include/v8stdint.h:240:24:[m[K [01;35m[Kwarning: [m[Kmissing initializer for member ‘[01m[Kstat::st_size[m[K’ [[01;35m[K-Wmissing-field-initializers[m[K]
[28.054s] [01m[K/home/tortoisebot/smart_retail_ws/src/tortoisebot/ydlidar-ros2/sdk/include/v8stdint.h:240:24:[m[K [01;35m[Kwarning: [m[Kmissing initializer for member ‘[01m[Kstat::st_blksize[m[K’ [[01;35m[K-Wmissing-field-initializers[m[K]
[28.055s] [01m[K/home/tortoisebot/smart_retail_ws/src/tortoisebot/ydlidar-ros2/sdk/include/v8stdint.h:240:24:[m[K [01;35m[Kwarning: [m[Kmissing initializer for member ‘[01m[Kstat::__pad2[m[K’ [[01;35m[K-Wmissing-field-initializers[m[K]
[28.056s] [01m[K/home/tortoisebot/smart_retail_ws/src/tortoisebot/ydlidar-ros2/sdk/include/v8stdint.h:240:24:[m[K [01;35m[Kwarning: [m[Kmissing initializer for member ‘[01m[Kstat::st_blocks[m[K’ [[01;35m[K-Wmissing-field-initializers[m[K]
[28.056s] [01m[K/home/tortoisebot/smart_retail_ws/src/tortoisebot/ydlidar-ros2/sdk/include/v8stdint.h:240:24:[m[K [01;35m[Kwarning: [m[Kmissing initializer for member ‘[01m[Kstat::st_atim[m[K’ [[01;35m[K-Wmissing-field-initializers[m[K]
[28.057s] [01m[K/home/tortoisebot/smart_retail_ws/src/tortoisebot/ydlidar-ros2/sdk/include/v8stdint.h:240:24:[m[K [01;35m[Kwarning: [m[Kmissing initializer for member ‘[01m[Kstat::st_mtim[m[K’ [[01;35m[K-Wmissing-field-initializers[m[K]
[28.057s] [01m[K/home/tortoisebot/smart_retail_ws/src/tortoisebot/ydlidar-ros2/sdk/include/v8stdint.h:240:24:[m[K [01;35m[Kwarning: [m[Kmissing initializer for member ‘[01m[Kstat::st_ctim[m[K’ [[01;35m[K-Wmissing-field-initializers[m[K]
[28.058s] [01m[K/home/tortoisebot/smart_retail_ws/src/tortoisebot/ydlidar-ros2/sdk/include/v8stdint.h:240:24:[m[K [01;35m[Kwarning: [m[Kmissing initializer for member ‘[01m[Kstat::__glibc_reserved[m[K’ [[01;35m[K-Wmissing-field-initializers[m[K]
[28.059s] In file included from [01m[K/home/tortoisebot/smart_retail_ws/src/tortoisebot/ydlidar-ros2/sdk/include/ydlidar_driver.h:56[m[K,
[28.059s]                  from [01m[K/home/tortoisebot/smart_retail_ws/src/tortoisebot/ydlidar-ros2/sdk/include/CYdLidar.h:36[m[K,
[28.060s]                  from [01m[K/home/tortoisebot/smart_retail_ws/src/tortoisebot/ydlidar-ros2/src/ydlidar_node.cpp:26[m[K:
[28.060s] [01m[K/home/tortoisebot/smart_retail_ws/src/tortoisebot/ydlidar-ros2/sdk/include/thread.h:[m[K In static member function ‘[01m[Kstatic Thread Thread::createThread(thread_proc_t, void*)[m[K’:
[28.061s] [01m[K/home/tortoisebot/smart_retail_ws/src/tortoisebot/ydlidar-ros2/sdk/include/thread.h:43:76:[m[K [01;35m[Kwarning: [m[Kcast between incompatible function types from ‘[01m[Kthread_proc_t[m[K’ {aka ‘[01m[Klong unsigned int (*)(void*)[m[K’} to ‘[01m[Kvoid* (*)(void*)[m[K’ [[01;35m[K-Wcast-function-type[m[K]
[28.062s]    43 |     pthread_create((pthread_t *)&thread_._handle, NULL, (void *(*)(void *))[01;35m[Kproc[m[K,
[28.062s]       |                                                                            [01;35m[K^~~~[m[K
[28.063s] In file included from [01m[K/home/tortoisebot/smart_retail_ws/src/tortoisebot/ydlidar-ros2/sdk/include/ydlidar_driver.h:58[m[K,
[28.063s]                  from [01m[K/home/tortoisebot/smart_retail_ws/src/tortoisebot/ydlidar-ros2/sdk/include/CYdLidar.h:36[m[K,
[28.064s]                  from [01m[K/home/tortoisebot/smart_retail_ws/src/tortoisebot/ydlidar-ros2/src/ydlidar_node.cpp:26[m[K:
[28.065s] [01m[K/home/tortoisebot/smart_retail_ws/src/tortoisebot/ydlidar-ros2/sdk/include/help_info.h:[m[K In function ‘[01m[Kbool ydlidar::isSupportMotorCtrl(int)[m[K’:
[28.065s] [01m[K/home/tortoisebot/smart_retail_ws/src/tortoisebot/ydlidar-ros2/sdk/include/help_info.h:414:8:[m[K [01;35m[Kwarning: [m[Kvariable ‘[01m[Kret[m[K’ set but not used [[01;35m[K-Wunused-but-set-variable[m[K]
[28.066s]   414 |   bool [01;35m[Kret[m[K = false;
[28.066s]       |        [01;35m[K^~~[m[K
[28.067s] [01m[K/home/tortoisebot/smart_retail_ws/src/tortoisebot/ydlidar-ros2/src/ydlidar_node.cpp:[m[K In function ‘[01m[Kint main(int, char**)[m[K’:
[28.068s] [01m[K/home/tortoisebot/smart_retail_ws/src/tortoisebot/ydlidar-ros2/src/ydlidar_node.cpp:78:33:[m[K [01;35m[Kwarning: [m[K‘[01m[Kconst rclcpp::ParameterValue& rclcpp::Node::declare_parameter(const string&)[m[K’ is deprecated: declare_parameter() with only a name is deprecated and will be deleted in the future.\nIf you want to declare a parameter that won't change type without a default value use:\n`node->declare_parameter<ParameterT>(name)`, where e.g. ParameterT=int64_t.\n\nIf you want to declare a parameter that can dynamically change type use:\n```\nrcl_interfaces::msg::ParameterDescriptor descriptor;\ndescriptor.dynamic_typing = true;\nnode->declare_parameter(name, rclcpp::ParameterValue{}, descriptor);\n``` [[01;35m[K-Wdeprecated-declarations[m[K]
[28.068s]    78 |   node->declare_parameter("port"[01;35m[K)[m[K;
[28.069s]       |                                 [01;35m[K^[m[K
[28.069s] In file included from [01m[K/opt/ros/galactic/include/rclcpp/executors/single_threaded_executor.hpp:28[m[K,
[28.070s]                  from [01m[K/opt/ros/galactic/include/rclcpp/executors.hpp:22[m[K,
[28.070s]                  from [01m[K/opt/ros/galactic/include/rclcpp/rclcpp.hpp:156[m[K,
[28.071s]                  from [01m[K/home/tortoisebot/smart_retail_ws/src/tortoisebot/ydlidar-ros2/src/ydlidar_node.cpp:23[m[K:
[28.071s] [01m[K/opt/ros/galactic/include/rclcpp/node.hpp:422:3:[m[K [01;36m[Knote: [m[Kdeclared here
[28.072s]   422 |   [01;36m[Kdeclare_parameter[m[K(const std::string & name);
[28.073s]       |   [01;36m[K^~~~~~~~~~~~~~~~~[m[K
[28.074s] [01m[K/home/tortoisebot/smart_retail_ws/src/tortoisebot/ydlidar-ros2/src/ydlidar_node.cpp:81:37:[m[K [01;35m[Kwarning: [m[K‘[01m[Kconst rclcpp::ParameterValue& rclcpp::Node::declare_parameter(const string&)[m[K’ is deprecated: declare_parameter() with only a name is deprecated and will be deleted in the future.\nIf you want to declare a parameter that won't change type without a default value use:\n`node->declare_parameter<ParameterT>(name)`, where e.g. ParameterT=int64_t.\n\nIf you want to declare a parameter that can dynamically change type use:\n```\nrcl_interfaces::msg::ParameterDescriptor descriptor;\ndescriptor.dynamic_typing = true;\nnode->declare_parameter(name, rclcpp::ParameterValue{}, descriptor);\n``` [[01;35m[K-Wdeprecated-declarations[m[K]
[28.075s]    81 |   node->declare_parameter("frame_id"[01;35m[K)[m[K;
[28.076s]       |                                     [01;35m[K^[m[K
[28.077s] In file included from [01m[K/opt/ros/galactic/include/rclcpp/executors/single_threaded_executor.hpp:28[m[K,
[28.077s]                  from [01m[K/opt/ros/galactic/include/rclcpp/executors.hpp:22[m[K,
[28.078s]                  from [01m[K/opt/ros/galactic/include/rclcpp/rclcpp.hpp:156[m[K,
[28.079s]                  from [01m[K/home/tortoisebot/smart_retail_ws/src/tortoisebot/ydlidar-ros2/src/ydlidar_node.cpp:23[m[K:
[28.079s] [01m[K/opt/ros/galactic/include/rclcpp/node.hpp:422:3:[m[K [01;36m[Knote: [m[Kdeclared here
[28.080s]   422 |   [01;36m[Kdeclare_parameter[m[K(const std::string & name);
[28.081s]       |   [01;36m[K^~~~~~~~~~~~~~~~~[m[K
[28.081s] [01m[K/home/tortoisebot/smart_retail_ws/src/tortoisebot/ydlidar-ros2/src/ydlidar_node.cpp:84:41:[m[K [01;35m[Kwarning: [m[K‘[01m[Kconst rclcpp::ParameterValue& rclcpp::Node::declare_parameter(const string&)[m[K’ is deprecated: declare_parameter() with only a name is deprecated and will be deleted in the future.\nIf you want to declare a parameter that won't change type without a default value use:\n`node->declare_parameter<ParameterT>(name)`, where e.g. ParameterT=int64_t.\n\nIf you want to declare a parameter that can dynamically change type use:\n```\nrcl_interfaces::msg::ParameterDescriptor descriptor;\ndescriptor.dynamic_typing = true;\nnode->declare_parameter(name, rclcpp::ParameterValue{}, descriptor);\n``` [[01;35m[K-Wdeprecated-declarations[m[K]
[28.082s]    84 |   node->declare_parameter("ignore_array"[01;35m[K)[m[K;
[28.083s]       |                                         [01;35m[K^[m[K
[28.084s] In file included from [01m[K/opt/ros/galactic/include/rclcpp/executors/single_threaded_executor.hpp:28[m[K,
[28.084s]                  from [01m[K/opt/ros/galactic/include/rclcpp/executors.hpp:22[m[K,
[28.085s]                  from [01m[K/opt/ros/galactic/include/rclcpp/rclcpp.hpp:156[m[K,
[28.086s]                  from [01m[K/home/tortoisebot/smart_retail_ws/src/tortoisebot/ydlidar-ros2/src/ydlidar_node.cpp:23[m[K:
[28.086s] [01m[K/opt/ros/galactic/include/rclcpp/node.hpp:422:3:[m[K [01;36m[Knote: [m[Kdeclared here
[28.087s]   422 |   [01;36m[Kdeclare_parameter[m[K(const std::string & name);
[28.088s]       |   [01;36m[K^~~~~~~~~~~~~~~~~[m[K
[28.088s] [01m[K/home/tortoisebot/smart_retail_ws/src/tortoisebot/ydlidar-ros2/src/ydlidar_node.cpp:87:37:[m[K [01;35m[Kwarning: [m[K‘[01m[Kconst rclcpp::ParameterValue& rclcpp::Node::declare_parameter(const string&)[m[K’ is deprecated: declare_parameter() with only a name is deprecated and will be deleted in the future.\nIf you want to declare a parameter that won't change type without a default value use:\n`node->declare_parameter<ParameterT>(name)`, where e.g. ParameterT=int64_t.\n\nIf you want to declare a parameter that can dynamically change type use:\n```\nrcl_interfaces::msg::ParameterDescriptor descriptor;\ndescriptor.dynamic_typing = true;\nnode->declare_parameter(name, rclcpp::ParameterValue{}, descriptor);\n``` [[01;35m[K-Wdeprecated-declarations[m[K]
[28.089s]    87 |   node->declare_parameter("baudrate"[01;35m[K)[m[K;
[28.090s]       |                                     [01;35m[K^[m[K
[28.091s] In file included from [01m[K/opt/ros/galactic/include/rclcpp/executors/single_threaded_executor.hpp:28[m[K,
[28.091s]                  from [01m[K/opt/ros/galactic/include/rclcpp/executors.hpp:22[m[K,
[28.092s]                  from [01m[K/opt/ros/galactic/include/rclcpp/rclcpp.hpp:156[m[K,
[28.093s]                  from [01m[K/home/tortoisebot/smart_retail_ws/src/tortoisebot/ydlidar-ros2/src/ydlidar_node.cpp:23[m[K:
[28.093s] [01m[K/opt/ros/galactic/include/rclcpp/node.hpp:422:3:[m[K [01;36m[Knote: [m[Kdeclared here
[28.094s]   422 |   [01;36m[Kdeclare_parameter[m[K(const std::string & name);
[28.095s]       |   [01;36m[K^~~~~~~~~~~~~~~~~[m[K
[28.096s] [01m[K/home/tortoisebot/smart_retail_ws/src/tortoisebot/ydlidar-ros2/src/ydlidar_node.cpp:90:38:[m[K [01;35m[Kwarning: [m[K‘[01m[Kconst rclcpp::ParameterValue& rclcpp::Node::declare_parameter(const string&)[m[K’ is deprecated: declare_parameter() with only a name is deprecated and will be deleted in the future.\nIf you want to declare a parameter that won't change type without a default value use:\n`node->declare_parameter<ParameterT>(name)`, where e.g. ParameterT=int64_t.\n\nIf you want to declare a parameter that can dynamically change type use:\n```\nrcl_interfaces::msg::ParameterDescriptor descriptor;\ndescriptor.dynamic_typing = true;\nnode->declare_parameter(name, rclcpp::ParameterValue{}, descriptor);\n``` [[01;35m[K-Wdeprecated-declarations[m[K]
[28.096s]    90 |   node->declare_parameter("samp_rate"[01;35m[K)[m[K;
[28.097s]       |                                      [01;35m[K^[m[K
[28.098s] In file included from [01m[K/opt/ros/galactic/include/rclcpp/executors/single_threaded_executor.hpp:28[m[K,
[28.099s]                  from [01m[K/opt/ros/galactic/include/rclcpp/executors.hpp:22[m[K,
[28.100s]                  from [01m[K/opt/ros/galactic/include/rclcpp/rclcpp.hpp:156[m[K,
[28.100s]                  from [01m[K/home/tortoisebot/smart_retail_ws/src/tortoisebot/ydlidar-ros2/src/ydlidar_node.cpp:23[m[K:
[28.101s] [01m[K/opt/ros/galactic/include/rclcpp/node.hpp:422:3:[m[K [01;36m[Knote: [m[Kdeclared here
[28.102s]   422 |   [01;36m[Kdeclare_parameter[m[K(const std::string & name);
[28.103s]       |   [01;36m[K^~~~~~~~~~~~~~~~~[m[K
[28.103s] [01m[K/home/tortoisebot/smart_retail_ws/src/tortoisebot/ydlidar-ros2/src/ydlidar_node.cpp:93:45:[m[K [01;35m[Kwarning: [m[K‘[01m[Kconst rclcpp::ParameterValue& rclcpp::Node::declare_parameter(const string&)[m[K’ is deprecated: declare_parameter() with only a name is deprecated and will be deleted in the future.\nIf you want to declare a parameter that won't change type without a default value use:\n`node->declare_parameter<ParameterT>(name)`, where e.g. ParameterT=int64_t.\n\nIf you want to declare a parameter that can dynamically change type use:\n```\nrcl_interfaces::msg::ParameterDescriptor descriptor;\ndescriptor.dynamic_typing = true;\nnode->declare_parameter(name, rclcpp::ParameterValue{}, descriptor);\n``` [[01;35m[K-Wdeprecated-declarations[m[K]
[28.104s]    93 |   node->declare_parameter("resolution_fixed"[01;35m[K)[m[K;
[28.105s]       |                                             [01;35m[K^[m[K
[28.106s] In file included from [01m[K/opt/ros/galactic/include/rclcpp/executors/single_threaded_executor.hpp:28[m[K,
[28.107s]                  from [01m[K/opt/ros/galactic/include/rclcpp/executors.hpp:22[m[K,
[28.108s]                  from [01m[K/opt/ros/galactic/include/rclcpp/rclcpp.hpp:156[m[K,
[28.109s]                  from [01m[K/home/tortoisebot/smart_retail_ws/src/tortoisebot/ydlidar-ros2/src/ydlidar_node.cpp:23[m[K:
[28.109s] [01m[K/opt/ros/galactic/include/rclcpp/node.hpp:422:3:[m[K [01;36m[Knote: [m[Kdeclared here
[28.110s]   422 |   [01;36m[Kdeclare_parameter[m[K(const std::string & name);
[28.111s]       |   [01;36m[K^~~~~~~~~~~~~~~~~[m[K
[28.112s] [01m[K/home/tortoisebot/smart_retail_ws/src/tortoisebot/ydlidar-ros2/src/ydlidar_node.cpp:96:42:[m[K [01;35m[Kwarning: [m[K‘[01m[Kconst rclcpp::ParameterValue& rclcpp::Node::declare_parameter(const string&)[m[K’ is deprecated: declare_parameter() with only a name is deprecated and will be deleted in the future.\nIf you want to declare a parameter that won't change type without a default value use:\n`node->declare_parameter<ParameterT>(name)`, where e.g. ParameterT=int64_t.\n\nIf you want to declare a parameter that can dynamically change type use:\n```\nrcl_interfaces::msg::ParameterDescriptor descriptor;\ndescriptor.dynamic_typing = true;\nnode->declare_parameter(name, rclcpp::ParameterValue{}, descriptor);\n``` [[01;35m[K-Wdeprecated-declarations[m[K]
[28.113s]    96 |   node->declare_parameter("singleChannel"[01;35m[K)[m[K;
[28.114s]       |                                          [01;35m[K^[m[K
[28.115s] In file included from [01m[K/opt/ros/galactic/include/rclcpp/executors/single_threaded_executor.hpp:28[m[K,
[28.116s]                  from [01m[K/opt/ros/galactic/include/rclcpp/executors.hpp:22[m[K,
[28.116s]                  from [01m[K/opt/ros/galactic/include/rclcpp/rclcpp.hpp:156[m[K,
[28.117s]                  from [01m[K/home/tortoisebot/smart_retail_ws/src/tortoisebot/ydlidar-ros2/src/ydlidar_node.cpp:23[m[K:
[28.118s] [01m[K/opt/ros/galactic/include/rclcpp/node.hpp:422:3:[m[K [01;36m[Knote: [m[Kdeclared here
[28.119s]   422 |   [01;36m[Kdeclare_parameter[m[K(const std::string & name);
[28.120s]       |   [01;36m[K^~~~~~~~~~~~~~~~~[m[K
[28.120s] [01m[K/home/tortoisebot/smart_retail_ws/src/tortoisebot/ydlidar-ros2/src/ydlidar_node.cpp:99:43:[m[K [01;35m[Kwarning: [m[K‘[01m[Kconst rclcpp::ParameterValue& rclcpp::Node::declare_parameter(const string&)[m[K’ is deprecated: declare_parameter() with only a name is deprecated and will be deleted in the future.\nIf you want to declare a parameter that won't change type without a default value use:\n`node->declare_parameter<ParameterT>(name)`, where e.g. ParameterT=int64_t.\n\nIf you want to declare a parameter that can dynamically change type use:\n```\nrcl_interfaces::msg::ParameterDescriptor descriptor;\ndescriptor.dynamic_typing = true;\nnode->declare_parameter(name, rclcpp::ParameterValue{}, descriptor);\n``` [[01;35m[K-Wdeprecated-declarations[m[K]
[28.121s]    99 |   node->declare_parameter("auto_reconnect"[01;35m[K)[m[K;
[28.122s]       |                                           [01;35m[K^[m[K
[28.123s] In file included from [01m[K/opt/ros/galactic/include/rclcpp/executors/single_threaded_executor.hpp:28[m[K,
[28.123s]                  from [01m[K/opt/ros/galactic/include/rclcpp/executors.hpp:22[m[K,
[28.124s]                  from [01m[K/opt/ros/galactic/include/rclcpp/rclcpp.hpp:156[m[K,
[28.125s]                  from [01m[K/home/tortoisebot/smart_retail_ws/src/tortoisebot/ydlidar-ros2/src/ydlidar_node.cpp:23[m[K:
[28.125s] [01m[K/opt/ros/galactic/include/rclcpp/node.hpp:422:3:[m[K [01;36m[Knote: [m[Kdeclared here
[28.126s]   422 |   [01;36m[Kdeclare_parameter[m[K(const std::string & name);
[28.127s]       |   [01;36m[K^~~~~~~~~~~~~~~~~[m[K
[28.127s] [01m[K/home/tortoisebot/smart_retail_ws/src/tortoisebot/ydlidar-ros2/src/ydlidar_node.cpp:102:38:[m[K [01;35m[Kwarning: [m[K‘[01m[Kconst rclcpp::ParameterValue& rclcpp::Node::declare_parameter(const string&)[m[K’ is deprecated: declare_parameter() with only a name is deprecated and will be deleted in the future.\nIf you want to declare a parameter that won't change type without a default value use:\n`node->declare_parameter<ParameterT>(name)`, where e.g. ParameterT=int64_t.\n\nIf you want to declare a parameter that can dynamically change type use:\n```\nrcl_interfaces::msg::ParameterDescriptor descriptor;\ndescriptor.dynamic_typing = true;\nnode->declare_parameter(name, rclcpp::ParameterValue{}, descriptor);\n``` [[01;35m[K-Wdeprecated-declarations[m[K]
[28.128s]   102 |   node->declare_parameter("reversion"[01;35m[K)[m[K;
[28.129s]       |                                      [01;35m[K^[m[K
[28.129s] In file included from [01m[K/opt/ros/galactic/include/rclcpp/executors/single_threaded_executor.hpp:28[m[K,
[28.130s]                  from [01m[K/opt/ros/galactic/include/rclcpp/executors.hpp:22[m[K,
[28.131s]                  from [01m[K/opt/ros/galactic/include/rclcpp/rclcpp.hpp:156[m[K,
[28.132s]                  from [01m[K/home/tortoisebot/smart_retail_ws/src/tortoisebot/ydlidar-ros2/src/ydlidar_node.cpp:23[m[K:
[28.132s] [01m[K/opt/ros/galactic/include/rclcpp/node.hpp:422:3:[m[K [01;36m[Knote: [m[Kdeclared here
[28.133s]   422 |   [01;36m[Kdeclare_parameter[m[K(const std::string & name);
[28.134s]       |   [01;36m[K^~~~~~~~~~~~~~~~~[m[K
[28.134s] [01m[K/home/tortoisebot/smart_retail_ws/src/tortoisebot/ydlidar-ros2/src/ydlidar_node.cpp:105:39:[m[K [01;35m[Kwarning: [m[K‘[01m[Kconst rclcpp::ParameterValue& rclcpp::Node::declare_parameter(const string&)[m[K’ is deprecated: declare_parameter() with only a name is deprecated and will be deleted in the future.\nIf you want to declare a parameter that won't change type without a default value use:\n`node->declare_parameter<ParameterT>(name)`, where e.g. ParameterT=int64_t.\n\nIf you want to declare a parameter that can dynamically change type use:\n```\nrcl_interfaces::msg::ParameterDescriptor descriptor;\ndescriptor.dynamic_typing = true;\nnode->declare_parameter(name, rclcpp::ParameterValue{}, descriptor);\n``` [[01;35m[K-Wdeprecated-declarations[m[K]
[28.135s]   105 |   node->declare_parameter("isToFLidar"[01;35m[K)[m[K;
[28.136s]       |                                       [01;35m[K^[m[K
[28.137s] In file included from [01m[K/opt/ros/galactic/include/rclcpp/executors/single_threaded_executor.hpp:28[m[K,
[28.137s]                  from [01m[K/opt/ros/galactic/include/rclcpp/executors.hpp:22[m[K,
[28.138s]                  from [01m[K/opt/ros/galactic/include/rclcpp/rclcpp.hpp:156[m[K,
[28.138s]                  from [01m[K/home/tortoisebot/smart_retail_ws/src/tortoisebot/ydlidar-ros2/src/ydlidar_node.cpp:23[m[K:
[28.139s] [01m[K/opt/ros/galactic/include/rclcpp/node.hpp:422:3:[m[K [01;36m[Knote: [m[Kdeclared here
[28.140s]   422 |   [01;36m[Kdeclare_parameter[m[K(const std::string & name);
[28.140s]       |   [01;36m[K^~~~~~~~~~~~~~~~~[m[K
[28.141s] [01m[K/home/tortoisebot/smart_retail_ws/src/tortoisebot/ydlidar-ros2/src/ydlidar_node.cpp:108:38:[m[K [01;35m[Kwarning: [m[K‘[01m[Kconst rclcpp::ParameterValue& rclcpp::Node::declare_parameter(const string&)[m[K’ is deprecated: declare_parameter() with only a name is deprecated and will be deleted in the future.\nIf you want to declare a parameter that won't change type without a default value use:\n`node->declare_parameter<ParameterT>(name)`, where e.g. ParameterT=int64_t.\n\nIf you want to declare a parameter that can dynamically change type use:\n```\nrcl_interfaces::msg::ParameterDescriptor descriptor;\ndescriptor.dynamic_typing = true;\nnode->declare_parameter(name, rclcpp::ParameterValue{}, descriptor);\n``` [[01;35m[K-Wdeprecated-declarations[m[K]
[28.141s]   108 |   node->declare_parameter("angle_max"[01;35m[K)[m[K;
[28.142s]       |                                      [01;35m[K^[m[K
[28.143s] In file included from [01m[K/opt/ros/galactic/include/rclcpp/executors/single_threaded_executor.hpp:28[m[K,
[28.143s]                  from [01m[K/opt/ros/galactic/include/rclcpp/executors.hpp:22[m[K,
[28.144s]                  from [01m[K/opt/ros/galactic/include/rclcpp/rclcpp.hpp:156[m[K,
[28.145s]                  from [01m[K/home/tortoisebot/smart_retail_ws/src/tortoisebot/ydlidar-ros2/src/ydlidar_node.cpp:23[m[K:
[28.146s] [01m[K/opt/ros/galactic/include/rclcpp/node.hpp:422:3:[m[K [01;36m[Knote: [m[Kdeclared here
[28.147s]   422 |   [01;36m[Kdeclare_parameter[m[K(const std::string & name);
[28.147s]       |   [01;36m[K^~~~~~~~~~~~~~~~~[m[K
[28.148s] [01m[K/home/tortoisebot/smart_retail_ws/src/tortoisebot/ydlidar-ros2/src/ydlidar_node.cpp:111:38:[m[K [01;35m[Kwarning: [m[K‘[01m[Kconst rclcpp::ParameterValue& rclcpp::Node::declare_parameter(const string&)[m[K’ is deprecated: declare_parameter() with only a name is deprecated and will be deleted in the future.\nIf you want to declare a parameter that won't change type without a default value use:\n`node->declare_parameter<ParameterT>(name)`, where e.g. ParameterT=int64_t.\n\nIf you want to declare a parameter that can dynamically change type use:\n```\nrcl_interfaces::msg::ParameterDescriptor descriptor;\ndescriptor.dynamic_typing = true;\nnode->declare_parameter(name, rclcpp::ParameterValue{}, descriptor);\n``` [[01;35m[K-Wdeprecated-declarations[m[K]
[28.149s]   111 |   node->declare_parameter("angle_min"[01;35m[K)[m[K;
[28.149s]       |                                      [01;35m[K^[m[K
[28.150s] In file included from [01m[K/opt/ros/galactic/include/rclcpp/executors/single_threaded_executor.hpp:28[m[K,
[28.150s]                  from [01m[K/opt/ros/galactic/include/rclcpp/executors.hpp:22[m[K,
[28.151s]                  from [01m[K/opt/ros/galactic/include/rclcpp/rclcpp.hpp:156[m[K,
[28.152s]                  from [01m[K/home/tortoisebot/smart_retail_ws/src/tortoisebot/ydlidar-ros2/src/ydlidar_node.cpp:23[m[K:
[28.153s] [01m[K/opt/ros/galactic/include/rclcpp/node.hpp:422:3:[m[K [01;36m[Knote: [m[Kdeclared here
[28.154s]   422 |   [01;36m[Kdeclare_parameter[m[K(const std::string & name);
[28.155s]       |   [01;36m[K^~~~~~~~~~~~~~~~~[m[K
[28.155s] [01m[K/home/tortoisebot/smart_retail_ws/src/tortoisebot/ydlidar-ros2/src/ydlidar_node.cpp:114:38:[m[K [01;35m[Kwarning: [m[K‘[01m[Kconst rclcpp::ParameterValue& rclcpp::Node::declare_parameter(const string&)[m[K’ is deprecated: declare_parameter() with only a name is deprecated and will be deleted in the future.\nIf you want to declare a parameter that won't change type without a default value use:\n`node->declare_parameter<ParameterT>(name)`, where e.g. ParameterT=int64_t.\n\nIf you want to declare a parameter that can dynamically change type use:\n```\nrcl_interfaces::msg::ParameterDescriptor descriptor;\ndescriptor.dynamic_typing = true;\nnode->declare_parameter(name, rclcpp::ParameterValue{}, descriptor);\n``` [[01;35m[K-Wdeprecated-declarations[m[K]
[28.156s]   114 |   node->declare_parameter("max_range"[01;35m[K)[m[K;
[28.157s]       |                                      [01;35m[K^[m[K
[28.157s] In file included from [01m[K/opt/ros/galactic/include/rclcpp/executors/single_threaded_executor.hpp:28[m[K,
[28.158s]                  from [01m[K/opt/ros/galactic/include/rclcpp/executors.hpp:22[m[K,
[28.158s]                  from [01m[K/opt/ros/galactic/include/rclcpp/rclcpp.hpp:156[m[K,
[28.159s]                  from [01m[K/home/tortoisebot/smart_retail_ws/src/tortoisebot/ydlidar-ros2/src/ydlidar_node.cpp:23[m[K:
[28.160s] [01m[K/opt/ros/galactic/include/rclcpp/node.hpp:422:3:[m[K [01;36m[Knote: [m[Kdeclared here
[28.160s]   422 |   [01;36m[Kdeclare_parameter[m[K(const std::string & name);
[28.161s]       |   [01;36m[K^~~~~~~~~~~~~~~~~[m[K
[28.162s] [01m[K/home/tortoisebot/smart_retail_ws/src/tortoisebot/ydlidar-ros2/src/ydlidar_node.cpp:117:38:[m[K [01;35m[Kwarning: [m[K‘[01m[Kconst rclcpp::ParameterValue& rclcpp::Node::declare_parameter(const string&)[m[K’ is deprecated: declare_parameter() with only a name is deprecated and will be deleted in the future.\nIf you want to declare a parameter that won't change type without a default value use:\n`node->declare_parameter<ParameterT>(name)`, where e.g. ParameterT=int64_t.\n\nIf you want to declare a parameter that can dynamically change type use:\n```\nrcl_interfaces::msg::ParameterDescriptor descriptor;\ndescriptor.dynamic_typing = true;\nnode->declare_parameter(name, rclcpp::ParameterValue{}, descriptor);\n``` [[01;35m[K-Wdeprecated-declarations[m[K]
[28.162s]   117 |   node->declare_parameter("min_range"[01;35m[K)[m[K;
[28.163s]       |                                      [01;35m[K^[m[K
[28.164s] In file included from [01m[K/opt/ros/galactic/include/rclcpp/executors/single_threaded_executor.hpp:28[m[K,
[28.164s]                  from [01m[K/opt/ros/galactic/include/rclcpp/executors.hpp:22[m[K,
[28.165s]                  from [01m[K/opt/ros/galactic/include/rclcpp/rclcpp.hpp:156[m[K,
[28.166s]                  from [01m[K/home/tortoisebot/smart_retail_ws/src/tortoisebot/ydlidar-ros2/src/ydlidar_node.cpp:23[m[K:
[28.166s] [01m[K/opt/ros/galactic/include/rclcpp/node.hpp:422:3:[m[K [01;36m[Knote: [m[Kdeclared here
[28.167s]   422 |   [01;36m[Kdeclare_parameter[m[K(const std::string & name);
[28.168s]       |   [01;36m[K^~~~~~~~~~~~~~~~~[m[K
[28.169s] [01m[K/home/tortoisebot/smart_retail_ws/src/tortoisebot/ydlidar-ros2/src/ydlidar_node.cpp:120:38:[m[K [01;35m[Kwarning: [m[K‘[01m[Kconst rclcpp::ParameterValue& rclcpp::Node::declare_parameter(const string&)[m[K’ is deprecated: declare_parameter() with only a name is deprecated and will be deleted in the future.\nIf you want to declare a parameter that won't change type without a default value use:\n`node->declare_parameter<ParameterT>(name)`, where e.g. ParameterT=int64_t.\n\nIf you want to declare a parameter that can dynamically change type use:\n```\nrcl_interfaces::msg::ParameterDescriptor descriptor;\ndescriptor.dynamic_typing = true;\nnode->declare_parameter(name, rclcpp::ParameterValue{}, descriptor);\n``` [[01;35m[K-Wdeprecated-declarations[m[K]
[28.170s]   120 |   node->declare_parameter("frequency"[01;35m[K)[m[K;
[28.171s]       |                                      [01;35m[K^[m[K
[28.171s] In file included from [01m[K/opt/ros/galactic/include/rclcpp/executors/single_threaded_executor.hpp:28[m[K,
[28.172s]                  from [01m[K/opt/ros/galactic/include/rclcpp/executors.hpp:22[m[K,
[28.173s]                  from [01m[K/opt/ros/galactic/include/rclcpp/rclcpp.hpp:156[m[K,
[28.173s]                  from [01m[K/home/tortoisebot/smart_retail_ws/src/tortoisebot/ydlidar-ros2/src/ydlidar_node.cpp:23[m[K:
[28.174s] [01m[K/opt/ros/galactic/include/rclcpp/node.hpp:422:3:[m[K [01;36m[Knote: [m[Kdeclared here
[28.175s]   422 |   [01;36m[Kdeclare_parameter[m[K(const std::string & name);
[28.175s]       |   [01;36m[K^~~~~~~~~~~~~~~~~[m[K
[28.176s] [01m[K/home/tortoisebot/smart_retail_ws/src/tortoisebot/ydlidar-ros2/src/ydlidar_node.cpp:208:22:[m[K [01;35m[Kwarning: [m[Kcomparison of integer expressions of different signedness: ‘[01m[Kint[m[K’ and ‘[01m[Kstd::vector<LaserPoint>::size_type[m[K’ {aka ‘[01m[Klong unsigned int[m[K’} [[01;35m[K-Wsign-compare[m[K]
[28.177s]   208 |       for(int i=0; [01;35m[Ki < scan.points.size()[m[K; i++) {
[28.177s]       |                    [01;35m[K~~^~~~~~~~~~~~~~~~~~~~[m[K
[36.782s] [ 90%] [32m[1mLinking CXX executable ydlidar_node[0m
[38.026s] [ 90%] Built target ydlidar_node
[48.649s] [100%] [32m[1mLinking CXX executable ydlidar_client[0m
[50.118s] [100%] Built target ydlidar_client
[50.162s] Invoked command in '/home/tortoisebot/smart_retail_ws/build/ydlidar' returned '0': CMAKE_PREFIX_PATH=${CMAKE_PREFIX_PATH}:/home/tortoisebot/smart_retail_ws/install/tortoisebot_control:/home/tortoisebot/smart_retail_ws/install/smart_retail_perception:/home/tortoisebot/smart_retail_ws/install/patrol_manager:/home/tortoisebot/smart_retail_ws/install/odom_fusion:/home/tortoisebot/smart_retail_ws/install/dashboard:/opt/ros/galactic:/opt/ros/galactic
: /usr/bin/cmake --build /home/tortoisebot/smart_retail_ws/build/ydlidar -- -j4 -l4
[50.375s] Invoking command in '/home/tortoisebot/smart_retail_ws/build/ydlidar': CMAKE_PREFIX_PATH=${CMAKE_PREFIX_PATH}:/home/tortoisebot/smart_retail_ws/install/tortoisebot_control:/home/tortoisebot/smart_retail_ws/install/smart_retail_perception:/home/tortoisebot/smart_retail_ws/install/patrol_manager:/home/tortoisebot/smart_retail_ws/install/odom_fusion:/home/tortoisebot/smart_retail_ws/install/dashboard:/opt/ros/galactic:/opt/ros/galactic
: /usr/bin/cmake --install /home/tortoisebot/smart_retail_ws/build/ydlidar
[50.411s] -- Install configuration: ""
[50.412s] -- Execute custom install script
[50.414s] -- Symlinking: /home/tortoisebot/smart_retail_ws/install/ydlidar/lib/ydlidar/ydlidar_node
[50.451s] -- Symlinking: /home/tortoisebot/smart_retail_ws/install/ydlidar/lib/ydlidar/ydlidar_client
[50.488s] -- Symlinking: /home/tortoisebot/smart_retail_ws/install/ydlidar/share/ydlidar/launch/x2_ydlidar_launch.py
[50.524s] -- Symlinking: /home/tortoisebot/smart_retail_ws/install/ydlidar/share/ydlidar/launch/x4_ydlidar_launch.py
[50.560s] -- Symlinking: /home/tortoisebot/smart_retail_ws/install/ydlidar/share/ydlidar/launch/ydlidar.py
[50.596s] -- Symlinking: /home/tortoisebot/smart_retail_ws/install/ydlidar/share/ydlidar/params/ydlidar_x2.yaml
[50.633s] -- Symlinking: /home/tortoisebot/smart_retail_ws/install/ydlidar/share/ydlidar/params/ydlidar_x4.yaml
[50.669s] -- Symlinking: /home/tortoisebot/smart_retail_ws/install/ydlidar/share/ydlidar/startup/initenv.sh
[50.705s] -- Symlinking: /home/tortoisebot/smart_retail_ws/install/ydlidar/share/ament_index/resource_index/package_run_dependencies/ydlidar
[50.742s] -- Symlinking: /home/tortoisebot/smart_retail_ws/install/ydlidar/share/ament_index/resource_index/parent_prefix_path/ydlidar
[50.779s] -- Symlinking: /home/tortoisebot/smart_retail_ws/install/ydlidar/share/ydlidar/environment/ament_prefix_path.sh
[50.815s] -- Symlinking: /home/tortoisebot/smart_retail_ws/install/ydlidar/share/ydlidar/environment/ament_prefix_path.dsv
[50.852s] -- Symlinking: /home/tortoisebot/smart_retail_ws/install/ydlidar/share/ydlidar/environment/path.sh
[50.888s] -- Symlinking: /home/tortoisebot/smart_retail_ws/install/ydlidar/share/ydlidar/environment/path.dsv
[50.924s] -- Symlinking: /home/tortoisebot/smart_retail_ws/install/ydlidar/share/ydlidar/local_setup.bash
[50.960s] -- Symlinking: /home/tortoisebot/smart_retail_ws/install/ydlidar/share/ydlidar/local_setup.sh
[50.996s] -- Symlinking: /home/tortoisebot/smart_retail_ws/install/ydlidar/share/ydlidar/local_setup.zsh
[51.032s] -- Symlinking: /home/tortoisebot/smart_retail_ws/install/ydlidar/share/ydlidar/local_setup.dsv
[51.069s] -- Symlinking: /home/tortoisebot/smart_retail_ws/install/ydlidar/share/ydlidar/package.dsv
[51.105s] -- Symlinking: /home/tortoisebot/smart_retail_ws/install/ydlidar/share/ament_index/resource_index/packages/ydlidar
[51.142s] -- Symlinking: /home/tortoisebot/smart_retail_ws/install/ydlidar/share/ydlidar/cmake/ydlidarConfig.cmake
[51.178s] -- Symlinking: /home/tortoisebot/smart_retail_ws/install/ydlidar/share/ydlidar/cmake/ydlidarConfig-version.cmake
[51.214s] -- Symlinking: /home/tortoisebot/smart_retail_ws/install/ydlidar/share/ydlidar/package.xml
[51.264s] Invoked command in '/home/tortoisebot/smart_retail_ws/build/ydlidar' returned '0': CMAKE_PREFIX_PATH=${CMAKE_PREFIX_PATH}:/home/tortoisebot/smart_retail_ws/install/tortoisebot_control:/home/tortoisebot/smart_retail_ws/install/smart_retail_perception:/home/tortoisebot/smart_retail_ws/install/patrol_manager:/home/tortoisebot/smart_retail_ws/install/odom_fusion:/home/tortoisebot/smart_retail_ws/install/dashboard:/opt/ros/galactic:/opt/ros/galactic
: /usr/bin/cmake --install /home/tortoisebot/smart_retail_ws/build/ydlidar
