-- The C compiler identification is GNU 9.4.0
-- The CXX compiler identification is GNU 9.4.0
-- Check for working C compiler: /usr/bin/cc
-- Check for working C compiler: /usr/bin/cc -- works
-- Detecting C compiler ABI info
-- Detecting C compiler ABI info - done
-- Detecting C compile features
-- Detecting C compile features - done
-- Check for working CXX compiler: /usr/bin/c++
-- Check for working CXX compiler: /usr/bin/c++ -- works
-- Detecting CXX compiler ABI info
-- Detecting CXX compiler ABI info - done
-- Detecting CXX compile features
-- Detecting CXX compile features - done
-- Found ament_cmake: 1.1.6 (/opt/ros/galactic/share/ament_cmake/cmake)
-- Found PythonInterp: /usr/bin/python3 (found suitable version "3.8.10", minimum required is "3") 
-- Using PYTHON_EXECUTABLE: /usr/bin/python3
-- Override CMake install command with custom implementation using symlinks instead of copying resources
-- Found rclcpp: 9.2.2 (/opt/ros/galactic/share/rclcpp/cmake)
-- Using all available rosidl_typesupport_c: rosidl_typesupport_fastrtps_c;rosidl_typesupport_introspection_c
-- Found rosidl_adapter: 2.2.3 (/opt/ros/galactic/share/rosidl_adapter/cmake)
-- Found OpenSSL: /usr/lib/aarch64-linux-gnu/libcrypto.so (found version "1.1.1f")  
-- Found FastRTPS: /opt/ros/galactic/include  
-- Using all available rosidl_typesupport_cpp: rosidl_typesupport_fastrtps_cpp;rosidl_typesupport_introspection_cpp
-- Found rmw_implementation_cmake: 3.3.1 (/opt/ros/galactic/share/rmw_implementation_cmake/cmake)
-- Found rmw_cyclonedds_cpp: 0.22.6 (/opt/ros/galactic/share/rmw_cyclonedds_cpp/cmake)
-- Using RMW implementation 'rmw_cyclonedds_cpp' as default
-- Looking for pthread.h
-- Looking for pthread.h - found
-- Performing Test CMAKE_HAVE_LIBC_PTHREAD
-- Performing Test CMAKE_HAVE_LIBC_PTHREAD - Failed
-- Looking for pthread_create in pthreads
-- Looking for pthread_create in pthreads - not found
-- Looking for pthread_create in pthread
-- Looking for pthread_create in pthread - found
-- Found Threads: TRUE  
-- Found rclpy: 1.9.3 (/opt/ros/galactic/share/rclpy/cmake)
-- Found ament_lint_auto: 0.10.7 (/opt/ros/galactic/share/ament_lint_auto/cmake)
-- Added test 'copyright' to check source files copyright and LICENSE
-- Added test 'flake8' to check Python code syntax and style conventions
-- Added test 'lint_cmake' to check CMake code style
-- Added test 'pep257' to check Python code against some of the style conventions in PEP 257
-- Added test 'xmllint' to check XML markup files
-- Configuring done
-- Generating done
-- Build files have been written to: /home/tortoisebot/smart_retail_ws/build/tortoisebot_firmware
[35m[1mScanning dependencies of target ament_cmake_python_symlink_tortoisebot_firmware[0m
Built target ament_cmake_python_symlink_tortoisebot_firmware
[35m[1mScanning dependencies of target ament_cmake_python_build_tortoisebot_firmware_egg[0m
running egg_info
creating tortoisebot_firmware.egg-info
writing tortoisebot_firmware.egg-info/PKG-INFO
writing dependency_links to tortoisebot_firmware.egg-info/dependency_links.txt
writing top-level names to tortoisebot_firmware.egg-info/top_level.txt
writing manifest file 'tortoisebot_firmware.egg-info/SOURCES.txt'
reading manifest file 'tortoisebot_firmware.egg-info/SOURCES.txt'
writing manifest file 'tortoisebot_firmware.egg-info/SOURCES.txt'
Built target ament_cmake_python_build_tortoisebot_firmware_egg
-- Install configuration: ""
-- Execute custom install script
-- Symlinking: /home/tortoisebot/smart_retail_ws/install/tortoisebot_firmware/share/tortoisebot_firmware/environment/pythonpath.sh
-- Symlinking: /home/tortoisebot/smart_retail_ws/install/tortoisebot_firmware/share/tortoisebot_firmware/environment/pythonpath.dsv
-- Symlinking: /home/tortoisebot/smart_retail_ws/install/tortoisebot_firmware/lib/python3.8/site-packages//tortoisebot_firmware.egg-info/PKG-INFO
-- Symlinking: /home/tortoisebot/smart_retail_ws/install/tortoisebot_firmware/lib/python3.8/site-packages//tortoisebot_firmware.egg-info/SOURCES.txt
-- Symlinking: /home/tortoisebot/smart_retail_ws/install/tortoisebot_firmware/lib/python3.8/site-packages//tortoisebot_firmware.egg-info/dependency_links.txt
-- Symlinking: /home/tortoisebot/smart_retail_ws/install/tortoisebot_firmware/lib/python3.8/site-packages//tortoisebot_firmware.egg-info/top_level.txt
-- Symlinking: /home/tortoisebot/smart_retail_ws/install/tortoisebot_firmware/lib/python3.8/site-packages/tortoisebot_firmware/__init__.py
-- Symlinking: /home/tortoisebot/smart_retail_ws/install/tortoisebot_firmware/lib/tortoisebot_firmware/differential.py
-- Symlinking: /home/tortoisebot/smart_retail_ws/install/tortoisebot_firmware/share/ament_index/resource_index/package_run_dependencies/tortoisebot_firmware
-- Symlinking: /home/tortoisebot/smart_retail_ws/install/tortoisebot_firmware/share/ament_index/resource_index/parent_prefix_path/tortoisebot_firmware
-- Symlinking: /home/tortoisebot/smart_retail_ws/install/tortoisebot_firmware/share/tortoisebot_firmware/environment/ament_prefix_path.sh
-- Symlinking: /home/tortoisebot/smart_retail_ws/install/tortoisebot_firmware/share/tortoisebot_firmware/environment/ament_prefix_path.dsv
-- Symlinking: /home/tortoisebot/smart_retail_ws/install/tortoisebot_firmware/share/tortoisebot_firmware/environment/path.sh
-- Symlinking: /home/tortoisebot/smart_retail_ws/install/tortoisebot_firmware/share/tortoisebot_firmware/environment/path.dsv
-- Symlinking: /home/tortoisebot/smart_retail_ws/install/tortoisebot_firmware/share/tortoisebot_firmware/local_setup.bash
-- Symlinking: /home/tortoisebot/smart_retail_ws/install/tortoisebot_firmware/share/tortoisebot_firmware/local_setup.sh
-- Symlinking: /home/tortoisebot/smart_retail_ws/install/tortoisebot_firmware/share/tortoisebot_firmware/local_setup.zsh
-- Symlinking: /home/tortoisebot/smart_retail_ws/install/tortoisebot_firmware/share/tortoisebot_firmware/local_setup.dsv
-- Symlinking: /home/tortoisebot/smart_retail_ws/install/tortoisebot_firmware/share/tortoisebot_firmware/package.dsv
-- Symlinking: /home/tortoisebot/smart_retail_ws/install/tortoisebot_firmware/share/ament_index/resource_index/packages/tortoisebot_firmware
-- Symlinking: /home/tortoisebot/smart_retail_ws/install/tortoisebot_firmware/share/tortoisebot_firmware/cmake/tortoisebot_firmwareConfig.cmake
-- Symlinking: /home/tortoisebot/smart_retail_ws/install/tortoisebot_firmware/share/tortoisebot_firmware/cmake/tortoisebot_firmwareConfig-version.cmake
-- Symlinking: /home/tortoisebot/smart_retail_ws/install/tortoisebot_firmware/share/tortoisebot_firmware/package.xml
Listing '/home/tortoisebot/smart_retail_ws/install/tortoisebot_firmware/lib/python3.8/site-packages/tortoisebot_firmware'...
Compiling '/home/tortoisebot/smart_retail_ws/install/tortoisebot_firmware/lib/python3.8/site-packages/tortoisebot_firmware/__init__.py'...
