[0.074s] Invoking command in '/home/tortoisebot/smart_retail_ws/build/tortoisebot_firmware': CMAKE_PREFIX_PATH=${CMAKE_PREFIX_PATH}:/home/tortoisebot/smart_retail_ws/install/tortoisebot_control:/home/tortoisebot/smart_retail_ws/install/smart_retail_perception:/home/tortoisebot/smart_retail_ws/install/patrol_manager:/home/tortoisebot/smart_retail_ws/install/odom_fusion:/home/tortoisebot/smart_retail_ws/install/dashboard:/opt/ros/galactic:/opt/ros/galactic
: /usr/bin/cmake /home/tortoisebot/smart_retail_ws/src/tortoisebot/tortoisebot_firmware -DAMENT_CMAKE_SYMLINK_INSTALL=1 -DCMAKE_INSTALL_PREFIX=/home/tortoisebot/smart_retail_ws/install/tortoisebot_firmware
[0.410s] -- The C compiler identification is GNU 9.4.0
[0.740s] -- The CXX compiler identification is GNU 9.4.0
[0.767s] -- Check for working C compiler: /usr/bin/cc
[1.172s] -- Check for working C compiler: /usr/bin/cc -- works
[1.178s] -- Detecting C compiler ABI info
[1.617s] -- Detecting C compiler ABI info - done
[1.665s] -- Detecting C compile features
[1.666s] -- Detecting C compile features - done
[1.681s] -- Check for working CXX compiler: /usr/bin/c++
[2.147s] -- Check for working CXX compiler: /usr/bin/c++ -- works
[2.148s] -- Detecting CXX compiler ABI info
[2.643s] -- Detecting CXX compiler ABI info - done
[2.709s] -- Detecting CXX compile features
[2.714s] -- Detecting CXX compile features - done
[2.760s] -- Found ament_cmake: 1.1.6 (/opt/ros/galactic/share/ament_cmake/cmake)
[2.959s] -- Found PythonInterp: /usr/bin/python3 (found suitable version "3.8.10", minimum required is "3") 
[2.960s] -- Using PYTHON_EXECUTABLE: /usr/bin/python3
[3.331s] -- Override CMake install command with custom implementation using symlinks instead of copying resources
[3.752s] -- Found rclcpp: 9.2.2 (/opt/ros/galactic/share/rclcpp/cmake)
[4.266s] -- Using all available rosidl_typesupport_c: rosidl_typesupport_fastrtps_c;rosidl_typesupport_introspection_c
[4.356s] -- Found rosidl_adapter: 2.2.3 (/opt/ros/galactic/share/rosidl_adapter/cmake)
[5.292s] -- Found OpenSSL: /usr/lib/aarch64-linux-gnu/libcrypto.so (found version "1.1.1f")  
[5.700s] -- Found FastRTPS: /opt/ros/galactic/include  
[6.968s] -- Using all available rosidl_typesupport_cpp: rosidl_typesupport_fastrtps_cpp;rosidl_typesupport_introspection_cpp
[7.451s] -- Found rmw_implementation_cmake: 3.3.1 (/opt/ros/galactic/share/rmw_implementation_cmake/cmake)
[7.499s] -- Found rmw_cyclonedds_cpp: 0.22.6 (/opt/ros/galactic/share/rmw_cyclonedds_cpp/cmake)
[7.627s] -- Using RMW implementation 'rmw_cyclonedds_cpp' as default
[7.631s] -- Looking for pthread.h
[8.103s] -- Looking for pthread.h - found
[8.107s] -- Performing Test CMAKE_HAVE_LIBC_PTHREAD
[8.555s] -- Performing Test CMAKE_HAVE_LIBC_PTHREAD - Failed
[8.558s] -- Looking for pthread_create in pthreads
[8.913s] -- Looking for pthread_create in pthreads - not found
[8.920s] -- Looking for pthread_create in pthread
[9.420s] -- Looking for pthread_create in pthread - found
[9.433s] -- Found Threads: TRUE  
[10.342s] -- Found rclpy: 1.9.3 (/opt/ros/galactic/share/rclpy/cmake)
[10.370s] -- Found ament_lint_auto: 0.10.7 (/opt/ros/galactic/share/ament_lint_auto/cmake)
[11.346s] -- Added test 'copyright' to check source files copyright and LICENSE
[11.365s] -- Added test 'flake8' to check Python code syntax and style conventions
[11.371s] -- Added test 'lint_cmake' to check CMake code style
[11.376s] -- Added test 'pep257' to check Python code against some of the style conventions in PEP 257
[11.385s] -- Added test 'xmllint' to check XML markup files
[11.415s] -- Configuring done
[11.473s] -- Generating done
[11.482s] -- Build files have been written to: /home/tortoisebot/smart_retail_ws/build/tortoisebot_firmware
[11.535s] Invoked command in '/home/tortoisebot/smart_retail_ws/build/tortoisebot_firmware' returned '0': CMAKE_PREFIX_PATH=${CMAKE_PREFIX_PATH}:/home/tortoisebot/smart_retail_ws/install/tortoisebot_control:/home/tortoisebot/smart_retail_ws/install/smart_retail_perception:/home/tortoisebot/smart_retail_ws/install/patrol_manager:/home/tortoisebot/smart_retail_ws/install/odom_fusion:/home/tortoisebot/smart_retail_ws/install/dashboard:/opt/ros/galactic:/opt/ros/galactic
: /usr/bin/cmake /home/tortoisebot/smart_retail_ws/src/tortoisebot/tortoisebot_firmware -DAMENT_CMAKE_SYMLINK_INSTALL=1 -DCMAKE_INSTALL_PREFIX=/home/tortoisebot/smart_retail_ws/install/tortoisebot_firmware
[11.544s] Invoking command in '/home/tortoisebot/smart_retail_ws/build/tortoisebot_firmware': CMAKE_PREFIX_PATH=${CMAKE_PREFIX_PATH}:/home/tortoisebot/smart_retail_ws/install/tortoisebot_control:/home/tortoisebot/smart_retail_ws/install/smart_retail_perception:/home/tortoisebot/smart_retail_ws/install/patrol_manager:/home/tortoisebot/smart_retail_ws/install/odom_fusion:/home/tortoisebot/smart_retail_ws/install/dashboard:/opt/ros/galactic:/opt/ros/galactic
: /usr/bin/cmake --build /home/tortoisebot/smart_retail_ws/build/tortoisebot_firmware -- -j4 -l4
[11.822s] [35m[1mScanning dependencies of target ament_cmake_python_symlink_tortoisebot_firmware[0m
[11.933s] Built target ament_cmake_python_symlink_tortoisebot_firmware
[11.998s] [35m[1mScanning dependencies of target ament_cmake_python_build_tortoisebot_firmware_egg[0m
[14.154s] running egg_info
[14.160s] creating tortoisebot_firmware.egg-info
[14.163s] writing tortoisebot_firmware.egg-info/PKG-INFO
[14.166s] writing dependency_links to tortoisebot_firmware.egg-info/dependency_links.txt
[14.169s] writing top-level names to tortoisebot_firmware.egg-info/top_level.txt
[14.187s] writing manifest file 'tortoisebot_firmware.egg-info/SOURCES.txt'
[14.204s] reading manifest file 'tortoisebot_firmware.egg-info/SOURCES.txt'
[14.211s] writing manifest file 'tortoisebot_firmware.egg-info/SOURCES.txt'
[14.358s] Built target ament_cmake_python_build_tortoisebot_firmware_egg
[14.418s] Invoked command in '/home/tortoisebot/smart_retail_ws/build/tortoisebot_firmware' returned '0': CMAKE_PREFIX_PATH=${CMAKE_PREFIX_PATH}:/home/tortoisebot/smart_retail_ws/install/tortoisebot_control:/home/tortoisebot/smart_retail_ws/install/smart_retail_perception:/home/tortoisebot/smart_retail_ws/install/patrol_manager:/home/tortoisebot/smart_retail_ws/install/odom_fusion:/home/tortoisebot/smart_retail_ws/install/dashboard:/opt/ros/galactic:/opt/ros/galactic
: /usr/bin/cmake --build /home/tortoisebot/smart_retail_ws/build/tortoisebot_firmware -- -j4 -l4
[14.655s] Invoking command in '/home/tortoisebot/smart_retail_ws/build/tortoisebot_firmware': CMAKE_PREFIX_PATH=${CMAKE_PREFIX_PATH}:/home/tortoisebot/smart_retail_ws/install/tortoisebot_control:/home/tortoisebot/smart_retail_ws/install/smart_retail_perception:/home/tortoisebot/smart_retail_ws/install/patrol_manager:/home/tortoisebot/smart_retail_ws/install/odom_fusion:/home/tortoisebot/smart_retail_ws/install/dashboard:/opt/ros/galactic:/opt/ros/galactic
: /usr/bin/cmake --install /home/tortoisebot/smart_retail_ws/build/tortoisebot_firmware
[14.713s] -- Install configuration: ""
[14.717s] -- Execute custom install script
[14.722s] -- Symlinking: /home/tortoisebot/smart_retail_ws/install/tortoisebot_firmware/share/tortoisebot_firmware/environment/pythonpath.sh
[14.773s] -- Symlinking: /home/tortoisebot/smart_retail_ws/install/tortoisebot_firmware/share/tortoisebot_firmware/environment/pythonpath.dsv
[14.825s] -- Symlinking: /home/tortoisebot/smart_retail_ws/install/tortoisebot_firmware/lib/python3.8/site-packages//tortoisebot_firmware.egg-info/PKG-INFO
[14.888s] -- Symlinking: /home/tortoisebot/smart_retail_ws/install/tortoisebot_firmware/lib/python3.8/site-packages//tortoisebot_firmware.egg-info/SOURCES.txt
[14.929s] -- Symlinking: /home/tortoisebot/smart_retail_ws/install/tortoisebot_firmware/lib/python3.8/site-packages//tortoisebot_firmware.egg-info/dependency_links.txt
[14.978s] -- Symlinking: /home/tortoisebot/smart_retail_ws/install/tortoisebot_firmware/lib/python3.8/site-packages//tortoisebot_firmware.egg-info/top_level.txt
[15.035s] -- Symlinking: /home/tortoisebot/smart_retail_ws/install/tortoisebot_firmware/lib/python3.8/site-packages/tortoisebot_firmware/__init__.py
[15.094s] -- Symlinking: /home/tortoisebot/smart_retail_ws/install/tortoisebot_firmware/lib/tortoisebot_firmware/differential.py
[15.158s] -- Symlinking: /home/tortoisebot/smart_retail_ws/install/tortoisebot_firmware/share/ament_index/resource_index/package_run_dependencies/tortoisebot_firmware
[15.215s] -- Symlinking: /home/tortoisebot/smart_retail_ws/install/tortoisebot_firmware/share/ament_index/resource_index/parent_prefix_path/tortoisebot_firmware
[15.265s] -- Symlinking: /home/tortoisebot/smart_retail_ws/install/tortoisebot_firmware/share/tortoisebot_firmware/environment/ament_prefix_path.sh
[15.317s] -- Symlinking: /home/tortoisebot/smart_retail_ws/install/tortoisebot_firmware/share/tortoisebot_firmware/environment/ament_prefix_path.dsv
[15.366s] -- Symlinking: /home/tortoisebot/smart_retail_ws/install/tortoisebot_firmware/share/tortoisebot_firmware/environment/path.sh
[15.422s] -- Symlinking: /home/tortoisebot/smart_retail_ws/install/tortoisebot_firmware/share/tortoisebot_firmware/environment/path.dsv
[15.476s] -- Symlinking: /home/tortoisebot/smart_retail_ws/install/tortoisebot_firmware/share/tortoisebot_firmware/local_setup.bash
[15.536s] -- Symlinking: /home/tortoisebot/smart_retail_ws/install/tortoisebot_firmware/share/tortoisebot_firmware/local_setup.sh
[15.586s] -- Symlinking: /home/tortoisebot/smart_retail_ws/install/tortoisebot_firmware/share/tortoisebot_firmware/local_setup.zsh
[15.644s] -- Symlinking: /home/tortoisebot/smart_retail_ws/install/tortoisebot_firmware/share/tortoisebot_firmware/local_setup.dsv
[15.697s] -- Symlinking: /home/tortoisebot/smart_retail_ws/install/tortoisebot_firmware/share/tortoisebot_firmware/package.dsv
[15.751s] -- Symlinking: /home/tortoisebot/smart_retail_ws/install/tortoisebot_firmware/share/ament_index/resource_index/packages/tortoisebot_firmware
[15.807s] -- Symlinking: /home/tortoisebot/smart_retail_ws/install/tortoisebot_firmware/share/tortoisebot_firmware/cmake/tortoisebot_firmwareConfig.cmake
[15.858s] -- Symlinking: /home/tortoisebot/smart_retail_ws/install/tortoisebot_firmware/share/tortoisebot_firmware/cmake/tortoisebot_firmwareConfig-version.cmake
[15.911s] -- Symlinking: /home/tortoisebot/smart_retail_ws/install/tortoisebot_firmware/share/tortoisebot_firmware/package.xml
[16.206s] Listing '/home/tortoisebot/smart_retail_ws/install/tortoisebot_firmware/lib/python3.8/site-packages/tortoisebot_firmware'...
[16.208s] Compiling '/home/tortoisebot/smart_retail_ws/install/tortoisebot_firmware/lib/python3.8/site-packages/tortoisebot_firmware/__init__.py'...
[16.298s] Invoked command in '/home/tortoisebot/smart_retail_ws/build/tortoisebot_firmware' returned '0': CMAKE_PREFIX_PATH=${CMAKE_PREFIX_PATH}:/home/tortoisebot/smart_retail_ws/install/tortoisebot_control:/home/tortoisebot/smart_retail_ws/install/smart_retail_perception:/home/tortoisebot/smart_retail_ws/install/patrol_manager:/home/tortoisebot/smart_retail_ws/install/odom_fusion:/home/tortoisebot/smart_retail_ws/install/dashboard:/opt/ros/galactic:/opt/ros/galactic
: /usr/bin/cmake --install /home/tortoisebot/smart_retail_ws/build/tortoisebot_firmware
