[2.180s] Invoking command in '/home/tortoisebot/smart_retail_ws/build/tortoisebot_description': CMAKE_PREFIX_PATH=${CMAKE_PREFIX_PATH}:/home/tortoisebot/smart_retail_ws/install/tortoisebot_control:/home/tortoisebot/smart_retail_ws/install/smart_retail_perception:/home/tortoisebot/smart_retail_ws/install/patrol_manager:/home/tortoisebot/smart_retail_ws/install/odom_fusion:/home/tortoisebot/smart_retail_ws/install/dashboard:/opt/ros/galactic:/opt/ros/galactic
: /usr/bin/cmake /home/tortoisebot/smart_retail_ws/src/tortoisebot/tortoisebot_description -DAMENT_CMAKE_SYMLINK_INSTALL=1 -DCMAKE_INSTALL_PREFIX=/home/tortoisebot/smart_retail_ws/install/tortoisebot_description
[2.520s] -- The C compiler identification is GNU 9.4.0
[3.723s] -- The CXX compiler identification is GNU 9.4.0
[3.760s] -- Check for working C compiler: /usr/bin/cc
[4.125s] -- Check for working C compiler: /usr/bin/cc -- works
[4.129s] -- Detecting C compiler ABI info
[4.537s] -- Detecting C compiler ABI info - done
[4.582s] -- Detecting C compile features
[4.585s] -- Detecting C compile features - done
[4.596s] -- Check for working CXX compiler: /usr/bin/c++
[5.087s] -- Check for working CXX compiler: /usr/bin/c++ -- works
[5.092s] -- Detecting CXX compiler ABI info
[5.573s] -- Detecting CXX compiler ABI info - done
[5.628s] -- Detecting CXX compile features
[5.631s] -- Detecting CXX compile features - done
[5.671s] -- Found ament_cmake: 1.1.6 (/opt/ros/galactic/share/ament_cmake/cmake)
[5.865s] -- Found PythonInterp: /usr/bin/python3 (found suitable version "3.8.10", minimum required is "3") 
[5.866s] -- Using PYTHON_EXECUTABLE: /usr/bin/python3
[6.237s] -- Override CMake install command with custom implementation using symlinks instead of copying resources
[6.599s] -- Found ament_lint_auto: 0.10.7 (/opt/ros/galactic/share/ament_lint_auto/cmake)
[7.204s] -- Added test 'flake8' to check Python code syntax and style conventions
[7.210s] -- Added test 'lint_cmake' to check CMake code style
[7.215s] -- Added test 'pep257' to check Python code against some of the style conventions in PEP 257
[7.231s] -- Added test 'xmllint' to check XML markup files
[7.249s] -- Configuring done
[7.260s] -- Generating done
[7.264s] -- Build files have been written to: /home/tortoisebot/smart_retail_ws/build/tortoisebot_description
[7.294s] Invoked command in '/home/tortoisebot/smart_retail_ws/build/tortoisebot_description' returned '0': CMAKE_PREFIX_PATH=${CMAKE_PREFIX_PATH}:/home/tortoisebot/smart_retail_ws/install/tortoisebot_control:/home/tortoisebot/smart_retail_ws/install/smart_retail_perception:/home/tortoisebot/smart_retail_ws/install/patrol_manager:/home/tortoisebot/smart_retail_ws/install/odom_fusion:/home/tortoisebot/smart_retail_ws/install/dashboard:/opt/ros/galactic:/opt/ros/galactic
: /usr/bin/cmake /home/tortoisebot/smart_retail_ws/src/tortoisebot/tortoisebot_description -DAMENT_CMAKE_SYMLINK_INSTALL=1 -DCMAKE_INSTALL_PREFIX=/home/tortoisebot/smart_retail_ws/install/tortoisebot_description
[7.300s] Invoking command in '/home/tortoisebot/smart_retail_ws/build/tortoisebot_description': CMAKE_PREFIX_PATH=${CMAKE_PREFIX_PATH}:/home/tortoisebot/smart_retail_ws/install/tortoisebot_control:/home/tortoisebot/smart_retail_ws/install/smart_retail_perception:/home/tortoisebot/smart_retail_ws/install/patrol_manager:/home/tortoisebot/smart_retail_ws/install/odom_fusion:/home/tortoisebot/smart_retail_ws/install/dashboard:/opt/ros/galactic:/opt/ros/galactic
: /usr/bin/cmake --build /home/tortoisebot/smart_retail_ws/build/tortoisebot_description -- -j4 -l4
[7.533s] Invoked command in '/home/tortoisebot/smart_retail_ws/build/tortoisebot_description' returned '0': CMAKE_PREFIX_PATH=${CMAKE_PREFIX_PATH}:/home/tortoisebot/smart_retail_ws/install/tortoisebot_control:/home/tortoisebot/smart_retail_ws/install/smart_retail_perception:/home/tortoisebot/smart_retail_ws/install/patrol_manager:/home/tortoisebot/smart_retail_ws/install/odom_fusion:/home/tortoisebot/smart_retail_ws/install/dashboard:/opt/ros/galactic:/opt/ros/galactic
: /usr/bin/cmake --build /home/tortoisebot/smart_retail_ws/build/tortoisebot_description -- -j4 -l4
[7.707s] Invoking command in '/home/tortoisebot/smart_retail_ws/build/tortoisebot_description': CMAKE_PREFIX_PATH=${CMAKE_PREFIX_PATH}:/home/tortoisebot/smart_retail_ws/install/tortoisebot_control:/home/tortoisebot/smart_retail_ws/install/smart_retail_perception:/home/tortoisebot/smart_retail_ws/install/patrol_manager:/home/tortoisebot/smart_retail_ws/install/odom_fusion:/home/tortoisebot/smart_retail_ws/install/dashboard:/opt/ros/galactic:/opt/ros/galactic
: /usr/bin/cmake --install /home/tortoisebot/smart_retail_ws/build/tortoisebot_description
[7.765s] -- Install configuration: ""
[7.768s] -- Execute custom install script
[7.773s] -- Symlinking: /home/tortoisebot/smart_retail_ws/install/tortoisebot_description/share/tortoisebot_description/launch/display.launch.py
[7.834s] -- Symlinking: /home/tortoisebot/smart_retail_ws/install/tortoisebot_description/share/tortoisebot_description/launch/state_publisher.launch.py
[7.889s] -- Symlinking: /home/tortoisebot/smart_retail_ws/install/tortoisebot_description/share/tortoisebot_description/models/.DS_Store
[7.947s] -- Symlinking: /home/tortoisebot/smart_retail_ws/install/tortoisebot_description/share/tortoisebot_description/models/meshes/base_link.dae
[7.997s] -- Symlinking: /home/tortoisebot/smart_retail_ws/install/tortoisebot_description/share/tortoisebot_description/models/meshes/camera_holder.dae
[8.053s] -- Symlinking: /home/tortoisebot/smart_retail_ws/install/tortoisebot_description/share/tortoisebot_description/models/meshes/camera_link.dae
[8.110s] -- Symlinking: /home/tortoisebot/smart_retail_ws/install/tortoisebot_description/share/tortoisebot_description/models/meshes/castor_wheel.dae
[8.161s] -- Symlinking: /home/tortoisebot/smart_retail_ws/install/tortoisebot_description/share/tortoisebot_description/models/meshes/lidar.dae
[8.209s] -- Symlinking: /home/tortoisebot/smart_retail_ws/install/tortoisebot_description/share/tortoisebot_description/models/meshes/wheel_left.dae
[8.267s] -- Symlinking: /home/tortoisebot/smart_retail_ws/install/tortoisebot_description/share/tortoisebot_description/models/meshes/wheel_right.dae
[8.329s] -- Symlinking: /home/tortoisebot/smart_retail_ws/install/tortoisebot_description/share/tortoisebot_description/models/urdf/tortoisebot_simple.gazebo
[8.385s] -- Symlinking: /home/tortoisebot/smart_retail_ws/install/tortoisebot_description/share/tortoisebot_description/models/urdf/tortoisebot_simple.xacro
[8.440s] -- Symlinking: /home/tortoisebot/smart_retail_ws/install/tortoisebot_description/share/tortoisebot_description/models/urdf/tortoisebotreal.xacro
[8.488s] -- Symlinking: /home/tortoisebot/smart_retail_ws/install/tortoisebot_description/share/tortoisebot_description/rviz/tortoisebot_sensor_display.rviz
[8.537s] -- Symlinking: /home/tortoisebot/smart_retail_ws/install/tortoisebot_description/share/ament_index/resource_index/package_run_dependencies/tortoisebot_description
[8.594s] -- Symlinking: /home/tortoisebot/smart_retail_ws/install/tortoisebot_description/share/ament_index/resource_index/parent_prefix_path/tortoisebot_description
[8.664s] -- Symlinking: /home/tortoisebot/smart_retail_ws/install/tortoisebot_description/share/tortoisebot_description/environment/ament_prefix_path.sh
[8.716s] -- Symlinking: /home/tortoisebot/smart_retail_ws/install/tortoisebot_description/share/tortoisebot_description/environment/ament_prefix_path.dsv
[8.770s] -- Symlinking: /home/tortoisebot/smart_retail_ws/install/tortoisebot_description/share/tortoisebot_description/environment/path.sh
[8.835s] -- Symlinking: /home/tortoisebot/smart_retail_ws/install/tortoisebot_description/share/tortoisebot_description/environment/path.dsv
[8.882s] -- Symlinking: /home/tortoisebot/smart_retail_ws/install/tortoisebot_description/share/tortoisebot_description/local_setup.bash
[8.931s] -- Symlinking: /home/tortoisebot/smart_retail_ws/install/tortoisebot_description/share/tortoisebot_description/local_setup.sh
[8.981s] -- Symlinking: /home/tortoisebot/smart_retail_ws/install/tortoisebot_description/share/tortoisebot_description/local_setup.zsh
[9.038s] -- Symlinking: /home/tortoisebot/smart_retail_ws/install/tortoisebot_description/share/tortoisebot_description/local_setup.dsv
[9.090s] -- Symlinking: /home/tortoisebot/smart_retail_ws/install/tortoisebot_description/share/tortoisebot_description/package.dsv
[9.139s] -- Symlinking: /home/tortoisebot/smart_retail_ws/install/tortoisebot_description/share/ament_index/resource_index/packages/tortoisebot_description
[9.200s] -- Symlinking: /home/tortoisebot/smart_retail_ws/install/tortoisebot_description/share/tortoisebot_description/cmake/tortoisebot_descriptionConfig.cmake
[9.264s] -- Symlinking: /home/tortoisebot/smart_retail_ws/install/tortoisebot_description/share/tortoisebot_description/cmake/tortoisebot_descriptionConfig-version.cmake
[9.341s] -- Symlinking: /home/tortoisebot/smart_retail_ws/install/tortoisebot_description/share/tortoisebot_description/package.xml
[9.438s] Invoked command in '/home/tortoisebot/smart_retail_ws/build/tortoisebot_description' returned '0': CMAKE_PREFIX_PATH=${CMAKE_PREFIX_PATH}:/home/tortoisebot/smart_retail_ws/install/tortoisebot_control:/home/tortoisebot/smart_retail_ws/install/smart_retail_perception:/home/tortoisebot/smart_retail_ws/install/patrol_manager:/home/tortoisebot/smart_retail_ws/install/odom_fusion:/home/tortoisebot/smart_retail_ws/install/dashboard:/opt/ros/galactic:/opt/ros/galactic
: /usr/bin/cmake --install /home/tortoisebot/smart_retail_ws/build/tortoisebot_description
