running develop
running egg_info
creating odom_fusion.egg-info
writing odom_fusion.egg-info/PKG-INFO
writing dependency_links to odom_fusion.egg-info/dependency_links.txt
writing entry points to odom_fusion.egg-info/entry_points.txt
writing requirements to odom_fusion.egg-info/requires.txt
writing top-level names to odom_fusion.egg-info/top_level.txt
writing manifest file 'odom_fusion.egg-info/SOURCES.txt'
reading manifest file 'odom_fusion.egg-info/SOURCES.txt'
writing manifest file 'odom_fusion.egg-info/SOURCES.txt'
running build_ext
Creating /home/tortoisebot/smart_retail_ws/install/odom_fusion/lib/python3.8/site-packages/odom-fusion.egg-link (link to .)
Installing odom_fusion_node script to /home/tortoisebot/smart_retail_ws/install/odom_fusion/lib/odom_fusion

Installed /home/tortoisebot/smart_retail_ws/build/odom_fusion
running install_data
creating /home/tortoisebot/smart_retail_ws/install/odom_fusion/share/ament_index
creating /home/tortoisebot/smart_retail_ws/install/odom_fusion/share/ament_index/resource_index
creating /home/tortoisebot/smart_retail_ws/install/odom_fusion/share/ament_index/resource_index/packages
copying resource/odom_fusion -> /home/tortoisebot/smart_retail_ws/install/odom_fusion/share/ament_index/resource_index/packages
copying package.xml -> /home/tortoisebot/smart_retail_ws/install/odom_fusion/share/odom_fusion
