[8.880s] Invoking command in '/home/tortoisebot/smart_retail_ws/build/odom_fusion': PYTHONPATH=/home/tortoisebot/smart_retail_ws/build/odom_fusion/prefix_override:/home/tortoisebot/smart_retail_ws/install/odom_fusion/lib/python3.8/site-packages:${PYTHONPATH} /usr/bin/python3 setup.py develop --editable --build-directory /home/tortoisebot/smart_retail_ws/build/odom_fusion/build --no-deps install_data
[10.789s] running develop
[10.791s] /home/tortoisebot/.local/lib/python3.8/site-packages/setuptools/command/easy_install.py:156: EasyInstallDeprecationWarning: easy_install command is deprecated. Use build and pip and other standards-based tools.
[10.791s]   warnings.warn(
[10.802s] /home/tortoisebot/.local/lib/python3.8/site-packages/setuptools/command/install.py:34: SetuptoolsDeprecationWarning: setup.py install is deprecated. Use build and pip and other standards-based tools.
[10.803s]   warnings.warn(
[12.135s] running egg_info
[12.136s] creating odom_fusion.egg-info
[12.137s] writing odom_fusion.egg-info/PKG-INFO
[12.138s] writing dependency_links to odom_fusion.egg-info/dependency_links.txt
[12.140s] writing entry points to odom_fusion.egg-info/entry_points.txt
[12.141s] writing requirements to odom_fusion.egg-info/requires.txt
[12.141s] writing top-level names to odom_fusion.egg-info/top_level.txt
[12.150s] writing manifest file 'odom_fusion.egg-info/SOURCES.txt'
[12.159s] reading manifest file 'odom_fusion.egg-info/SOURCES.txt'
[12.162s] writing manifest file 'odom_fusion.egg-info/SOURCES.txt'
[12.396s] running build_ext
[12.398s] Creating /home/tortoisebot/smart_retail_ws/install/odom_fusion/lib/python3.8/site-packages/odom-fusion.egg-link (link to .)
[12.403s] Installing odom_fusion_node script to /home/tortoisebot/smart_retail_ws/install/odom_fusion/lib/odom_fusion
[12.410s] 
[12.411s] Installed /home/tortoisebot/smart_retail_ws/build/odom_fusion
[12.413s] running install_data
[12.420s] creating /home/tortoisebot/smart_retail_ws/install/odom_fusion/share/ament_index
[12.437s] creating /home/tortoisebot/smart_retail_ws/install/odom_fusion/share/ament_index/resource_index
[12.439s] creating /home/tortoisebot/smart_retail_ws/install/odom_fusion/share/ament_index/resource_index/packages
[12.456s] copying resource/odom_fusion -> /home/tortoisebot/smart_retail_ws/install/odom_fusion/share/ament_index/resource_index/packages
[12.460s] copying package.xml -> /home/tortoisebot/smart_retail_ws/install/odom_fusion/share/odom_fusion
[12.733s] Invoked command in '/home/tortoisebot/smart_retail_ws/build/odom_fusion' returned '0': PYTHONPATH=/home/tortoisebot/smart_retail_ws/build/odom_fusion/prefix_override:/home/tortoisebot/smart_retail_ws/install/odom_fusion/lib/python3.8/site-packages:${PYTHONPATH} /usr/bin/python3 setup.py develop --editable --build-directory /home/tortoisebot/smart_retail_ws/build/odom_fusion/build --no-deps install_data
