running develop
running egg_info
creating tortoisebot_control.egg-info
writing tortoisebot_control.egg-info/PKG-INFO
writing dependency_links to tortoisebot_control.egg-info/dependency_links.txt
writing entry points to tortoisebot_control.egg-info/entry_points.txt
writing requirements to tortoisebot_control.egg-info/requires.txt
writing top-level names to tortoisebot_control.egg-info/top_level.txt
writing manifest file 'tortoisebot_control.egg-info/SOURCES.txt'
reading manifest file 'tortoisebot_control.egg-info/SOURCES.txt'
writing manifest file 'tortoisebot_control.egg-info/SOURCES.txt'
running build_ext
Creating /home/tortoisebot/smart_retail_ws/install/tortoisebot_control/lib/python3.8/site-packages/tortoisebot-control.egg-link (link to .)
Installing teleop_twist_keyboard script to /home/tortoisebot/smart_retail_ws/install/tortoisebot_control/lib/tortoisebot_control

Installed /home/tortoisebot/smart_retail_ws/build/tortoisebot_control
running install_data
creating /home/tortoisebot/smart_retail_ws/install/tortoisebot_control/share/ament_index
creating /home/tortoisebot/smart_retail_ws/install/tortoisebot_control/share/ament_index/resource_index
creating /home/tortoisebot/smart_retail_ws/install/tortoisebot_control/share/ament_index/resource_index/packages
copying resource/tortoisebot_control -> /home/tortoisebot/smart_retail_ws/install/tortoisebot_control/share/ament_index/resource_index/packages
copying package.xml -> /home/tortoisebot/smart_retail_ws/install/tortoisebot_control/share/tortoisebot_control
