[5.313s] Invoking command in '/home/tortoisebot/smart_retail_ws/build/tortoisebot_control': PYTHONPATH=/home/tortoisebot/smart_retail_ws/build/tortoisebot_control/prefix_override:/home/tortoisebot/smart_retail_ws/install/tortoisebot_control/lib/python3.8/site-packages:${PYTHONPATH} /usr/bin/python3 setup.py develop --editable --build-directory /home/tortoisebot/smart_retail_ws/build/tortoisebot_control/build --no-deps install_data
[7.315s] running develop
[7.317s] /home/tortoisebot/.local/lib/python3.8/site-packages/setuptools/command/easy_install.py:156: EasyInstallDeprecationWarning: easy_install command is deprecated. Use build and pip and other standards-based tools.
[7.317s]   warnings.warn(
[7.327s] /home/tortoisebot/.local/lib/python3.8/site-packages/setuptools/command/install.py:34: SetuptoolsDeprecationWarning: setup.py install is deprecated. Use build and pip and other standards-based tools.
[7.328s]   warnings.warn(
[9.104s] running egg_info
[9.105s] creating tortoisebot_control.egg-info
[9.106s] writing tortoisebot_control.egg-info/PKG-INFO
[9.108s] writing dependency_links to tortoisebot_control.egg-info/dependency_links.txt
[9.109s] writing entry points to tortoisebot_control.egg-info/entry_points.txt
[9.110s] writing requirements to tortoisebot_control.egg-info/requires.txt
[9.112s] writing top-level names to tortoisebot_control.egg-info/top_level.txt
[9.124s] writing manifest file 'tortoisebot_control.egg-info/SOURCES.txt'
[9.142s] reading manifest file 'tortoisebot_control.egg-info/SOURCES.txt'
[9.148s] writing manifest file 'tortoisebot_control.egg-info/SOURCES.txt'
[9.408s] running build_ext
[9.408s] Creating /home/tortoisebot/smart_retail_ws/install/tortoisebot_control/lib/python3.8/site-packages/tortoisebot-control.egg-link (link to .)
[9.415s] Installing teleop_twist_keyboard script to /home/tortoisebot/smart_retail_ws/install/tortoisebot_control/lib/tortoisebot_control
[9.418s] 
[9.419s] Installed /home/tortoisebot/smart_retail_ws/build/tortoisebot_control
[9.421s] running install_data
[9.422s] creating /home/tortoisebot/smart_retail_ws/install/tortoisebot_control/share/ament_index
[9.423s] creating /home/tortoisebot/smart_retail_ws/install/tortoisebot_control/share/ament_index/resource_index
[9.425s] creating /home/tortoisebot/smart_retail_ws/install/tortoisebot_control/share/ament_index/resource_index/packages
[9.426s] copying resource/tortoisebot_control -> /home/tortoisebot/smart_retail_ws/install/tortoisebot_control/share/ament_index/resource_index/packages
[9.428s] copying package.xml -> /home/tortoisebot/smart_retail_ws/install/tortoisebot_control/share/tortoisebot_control
[9.628s] Invoked command in '/home/tortoisebot/smart_retail_ws/build/tortoisebot_control' returned '0': PYTHONPATH=/home/tortoisebot/smart_retail_ws/build/tortoisebot_control/prefix_override:/home/tortoisebot/smart_retail_ws/install/tortoisebot_control/lib/python3.8/site-packages:${PYTHONPATH} /usr/bin/python3 setup.py develop --editable --build-directory /home/tortoisebot/smart_retail_ws/build/tortoisebot_control/build --no-deps install_data
