running develop
/home/tortoisebot/.local/lib/python3.8/site-packages/setuptools/command/easy_install.py:156: EasyInstallDeprecationWarning: easy_install command is deprecated. Use build and pip and other standards-based tools.
  warnings.warn(
/home/tortoisebot/.local/lib/python3.8/site-packages/setuptools/command/install.py:34: SetuptoolsDeprecationWarning: setup.py install is deprecated. Use build and pip and other standards-based tools.
  warnings.warn(
running egg_info
creating patrol_manager.egg-info
writing patrol_manager.egg-info/PKG-INFO
writing dependency_links to patrol_manager.egg-info/dependency_links.txt
writing entry points to patrol_manager.egg-info/entry_points.txt
writing requirements to patrol_manager.egg-info/requires.txt
writing top-level names to patrol_manager.egg-info/top_level.txt
writing manifest file 'patrol_manager.egg-info/SOURCES.txt'
reading manifest file 'patrol_manager.egg-info/SOURCES.txt'
writing manifest file 'patrol_manager.egg-info/SOURCES.txt'
running build_ext
Creating /home/tortoisebot/smart_retail_ws/install/patrol_manager/lib/python3.8/site-packages/patrol-manager.egg-link (link to .)
Installing patrol_node script to /home/tortoisebot/smart_retail_ws/install/patrol_manager/lib/patrol_manager

Installed /home/tortoisebot/smart_retail_ws/build/patrol_manager
running install_data
creating /home/tortoisebot/smart_retail_ws/install/patrol_manager/share/ament_index
creating /home/tortoisebot/smart_retail_ws/install/patrol_manager/share/ament_index/resource_index
creating /home/tortoisebot/smart_retail_ws/install/patrol_manager/share/ament_index/resource_index/packages
copying resource/patrol_manager -> /home/tortoisebot/smart_retail_ws/install/patrol_manager/share/ament_index/resource_index/packages
copying package.xml -> /home/tortoisebot/smart_retail_ws/install/patrol_manager/share/patrol_manager
