[0.202s] Invoking command in '/home/tortoisebot/smart_retail_ws/build/tortoisebot_gazebo': CMAKE_PREFIX_PATH=${CMAKE_PREFIX_PATH}:/home/tortoisebot/smart_retail_ws/install/tortoisebot_control:/home/tortoisebot/smart_retail_ws/install/smart_retail_perception:/home/tortoisebot/smart_retail_ws/install/patrol_manager:/home/tortoisebot/smart_retail_ws/install/odom_fusion:/home/tortoisebot/smart_retail_ws/install/dashboard:/opt/ros/galactic:/opt/ros/galactic
: /usr/bin/cmake /home/tortoisebot/smart_retail_ws/src/tortoisebot/tortoisebot_gazebo -DAMENT_CMAKE_SYMLINK_INSTALL=1 -DCMAKE_INSTALL_PREFIX=/home/tortoisebot/smart_retail_ws/install/tortoisebot_gazebo
[0.566s] -- The C compiler identification is GNU 9.4.0
[0.859s] -- The CXX compiler identification is GNU 9.4.0
[0.898s] -- Check for working C compiler: /usr/bin/cc
[1.295s] -- Check for working C compiler: /usr/bin/cc -- works
[1.296s] -- Detecting C compiler ABI info
[1.673s] -- Detecting C compiler ABI info - done
[1.719s] -- Detecting C compile features
[1.721s] -- Detecting C compile features - done
[1.735s] -- Check for working CXX compiler: /usr/bin/c++
[2.205s] -- Check for working CXX compiler: /usr/bin/c++ -- works
[2.210s] -- Detecting CXX compiler ABI info
[2.663s] -- Detecting CXX compiler ABI info - done
[2.787s] -- Detecting CXX compile features
[2.800s] -- Detecting CXX compile features - done
[2.838s] -- Found ament_cmake: 1.1.6 (/opt/ros/galactic/share/ament_cmake/cmake)
[3.031s] -- Found PythonInterp: /usr/bin/python3 (found suitable version "3.8.10", minimum required is "3") 
[3.032s] -- Using PYTHON_EXECUTABLE: /usr/bin/python3
[3.814s] -- Override CMake install command with custom implementation using symlinks instead of copying resources
[4.261s] -- Found ament_lint_auto: 0.10.7 (/opt/ros/galactic/share/ament_lint_auto/cmake)
[4.859s] -- Added test 'copyright' to check source files copyright and LICENSE
[4.876s] -- Added test 'flake8' to check Python code syntax and style conventions
[4.882s] -- Added test 'lint_cmake' to check CMake code style
[4.887s] -- Added test 'pep257' to check Python code against some of the style conventions in PEP 257
[4.898s] -- Added test 'xmllint' to check XML markup files
[4.938s] -- Configuring done
[4.950s] -- Generating done
[4.955s] -- Build files have been written to: /home/tortoisebot/smart_retail_ws/build/tortoisebot_gazebo
[4.978s] Invoked command in '/home/tortoisebot/smart_retail_ws/build/tortoisebot_gazebo' returned '0': CMAKE_PREFIX_PATH=${CMAKE_PREFIX_PATH}:/home/tortoisebot/smart_retail_ws/install/tortoisebot_control:/home/tortoisebot/smart_retail_ws/install/smart_retail_perception:/home/tortoisebot/smart_retail_ws/install/patrol_manager:/home/tortoisebot/smart_retail_ws/install/odom_fusion:/home/tortoisebot/smart_retail_ws/install/dashboard:/opt/ros/galactic:/opt/ros/galactic
: /usr/bin/cmake /home/tortoisebot/smart_retail_ws/src/tortoisebot/tortoisebot_gazebo -DAMENT_CMAKE_SYMLINK_INSTALL=1 -DCMAKE_INSTALL_PREFIX=/home/tortoisebot/smart_retail_ws/install/tortoisebot_gazebo
[4.980s] Invoking command in '/home/tortoisebot/smart_retail_ws/build/tortoisebot_gazebo': CMAKE_PREFIX_PATH=${CMAKE_PREFIX_PATH}:/home/tortoisebot/smart_retail_ws/install/tortoisebot_control:/home/tortoisebot/smart_retail_ws/install/smart_retail_perception:/home/tortoisebot/smart_retail_ws/install/patrol_manager:/home/tortoisebot/smart_retail_ws/install/odom_fusion:/home/tortoisebot/smart_retail_ws/install/dashboard:/opt/ros/galactic:/opt/ros/galactic
: /usr/bin/cmake --build /home/tortoisebot/smart_retail_ws/build/tortoisebot_gazebo -- -j4 -l4
[5.245s] Invoked command in '/home/tortoisebot/smart_retail_ws/build/tortoisebot_gazebo' returned '0': CMAKE_PREFIX_PATH=${CMAKE_PREFIX_PATH}:/home/tortoisebot/smart_retail_ws/install/tortoisebot_control:/home/tortoisebot/smart_retail_ws/install/smart_retail_perception:/home/tortoisebot/smart_retail_ws/install/patrol_manager:/home/tortoisebot/smart_retail_ws/install/odom_fusion:/home/tortoisebot/smart_retail_ws/install/dashboard:/opt/ros/galactic:/opt/ros/galactic
: /usr/bin/cmake --build /home/tortoisebot/smart_retail_ws/build/tortoisebot_gazebo -- -j4 -l4
[5.389s] Invoking command in '/home/tortoisebot/smart_retail_ws/build/tortoisebot_gazebo': CMAKE_PREFIX_PATH=${CMAKE_PREFIX_PATH}:/home/tortoisebot/smart_retail_ws/install/tortoisebot_control:/home/tortoisebot/smart_retail_ws/install/smart_retail_perception:/home/tortoisebot/smart_retail_ws/install/patrol_manager:/home/tortoisebot/smart_retail_ws/install/odom_fusion:/home/tortoisebot/smart_retail_ws/install/dashboard:/opt/ros/galactic:/opt/ros/galactic
: /usr/bin/cmake --install /home/tortoisebot/smart_retail_ws/build/tortoisebot_gazebo
[5.455s] -- Install configuration: ""
[5.457s] -- Execute custom install script
[5.463s] -- Symlinking: /home/tortoisebot/smart_retail_ws/install/tortoisebot_gazebo/share/tortoisebot_gazebo/gazebo/tortoisebot_materials.gazebo
[5.515s] -- Symlinking: /home/tortoisebot/smart_retail_ws/install/tortoisebot_gazebo/share/tortoisebot_gazebo/gazebo/tortoisebot_physics.gazebo
[5.563s] -- Symlinking: /home/tortoisebot/smart_retail_ws/install/tortoisebot_gazebo/share/tortoisebot_gazebo/gazebo/tortoisebot_plugins.gazebo
[5.621s] -- Symlinking: /home/tortoisebot/smart_retail_ws/install/tortoisebot_gazebo/share/tortoisebot_gazebo/launch/gazebo.launch.py
[5.671s] -- Symlinking: /home/tortoisebot/smart_retail_ws/install/tortoisebot_gazebo/share/tortoisebot_gazebo/worlds/room2.sdf
[5.738s] -- Symlinking: /home/tortoisebot/smart_retail_ws/install/tortoisebot_gazebo/share/ament_index/resource_index/package_run_dependencies/tortoisebot_gazebo
[5.792s] -- Symlinking: /home/tortoisebot/smart_retail_ws/install/tortoisebot_gazebo/share/ament_index/resource_index/parent_prefix_path/tortoisebot_gazebo
[5.853s] -- Symlinking: /home/tortoisebot/smart_retail_ws/install/tortoisebot_gazebo/share/tortoisebot_gazebo/environment/ament_prefix_path.sh
[5.904s] -- Symlinking: /home/tortoisebot/smart_retail_ws/install/tortoisebot_gazebo/share/tortoisebot_gazebo/environment/ament_prefix_path.dsv
[5.953s] -- Symlinking: /home/tortoisebot/smart_retail_ws/install/tortoisebot_gazebo/share/tortoisebot_gazebo/environment/path.sh
[6.011s] -- Symlinking: /home/tortoisebot/smart_retail_ws/install/tortoisebot_gazebo/share/tortoisebot_gazebo/environment/path.dsv
[6.068s] -- Symlinking: /home/tortoisebot/smart_retail_ws/install/tortoisebot_gazebo/share/tortoisebot_gazebo/local_setup.bash
[6.123s] -- Symlinking: /home/tortoisebot/smart_retail_ws/install/tortoisebot_gazebo/share/tortoisebot_gazebo/local_setup.sh
[6.179s] -- Symlinking: /home/tortoisebot/smart_retail_ws/install/tortoisebot_gazebo/share/tortoisebot_gazebo/local_setup.zsh
[6.232s] -- Symlinking: /home/tortoisebot/smart_retail_ws/install/tortoisebot_gazebo/share/tortoisebot_gazebo/local_setup.dsv
[6.279s] -- Symlinking: /home/tortoisebot/smart_retail_ws/install/tortoisebot_gazebo/share/tortoisebot_gazebo/package.dsv
[6.352s] -- Symlinking: /home/tortoisebot/smart_retail_ws/install/tortoisebot_gazebo/share/ament_index/resource_index/packages/tortoisebot_gazebo
[6.398s] -- Symlinking: /home/tortoisebot/smart_retail_ws/install/tortoisebot_gazebo/share/tortoisebot_gazebo/cmake/tortoisebot_gazeboConfig.cmake
[6.459s] -- Symlinking: /home/tortoisebot/smart_retail_ws/install/tortoisebot_gazebo/share/tortoisebot_gazebo/cmake/tortoisebot_gazeboConfig-version.cmake
[6.512s] -- Symlinking: /home/tortoisebot/smart_retail_ws/install/tortoisebot_gazebo/share/tortoisebot_gazebo/package.xml
[6.577s] Invoked command in '/home/tortoisebot/smart_retail_ws/build/tortoisebot_gazebo' returned '0': CMAKE_PREFIX_PATH=${CMAKE_PREFIX_PATH}:/home/tortoisebot/smart_retail_ws/install/tortoisebot_control:/home/tortoisebot/smart_retail_ws/install/smart_retail_perception:/home/tortoisebot/smart_retail_ws/install/patrol_manager:/home/tortoisebot/smart_retail_ws/install/odom_fusion:/home/tortoisebot/smart_retail_ws/install/dashboard:/opt/ros/galactic:/opt/ros/galactic
: /usr/bin/cmake --install /home/tortoisebot/smart_retail_ws/build/tortoisebot_gazebo
