[0.086s] Invoking command in '/home/tortoisebot/smart_retail_ws/build/tortoisebot_imu': CMAKE_PREFIX_PATH=${CMAKE_PREFIX_PATH}:/home/tortoisebot/smart_retail_ws/install/tortoisebot_control:/home/tortoisebot/smart_retail_ws/install/smart_retail_perception:/home/tortoisebot/smart_retail_ws/install/patrol_manager:/home/tortoisebot/smart_retail_ws/install/odom_fusion:/home/tortoisebot/smart_retail_ws/install/dashboard:/opt/ros/galactic:/opt/ros/galactic
: /usr/bin/cmake /home/tortoisebot/smart_retail_ws/src/tortoisebot/tortoisebot_imu -DAMENT_CMAKE_SYMLINK_INSTALL=1 -DCMAKE_INSTALL_PREFIX=/home/tortoisebot/smart_retail_ws/install/tortoisebot_imu
[0.422s] -- The C compiler identification is GNU 9.4.0
[0.708s] -- The CXX compiler identification is GNU 9.4.0
[0.731s] -- Check for working C compiler: /usr/bin/cc
[1.099s] -- Check for working C compiler: /usr/bin/cc -- works
[1.107s] -- Detecting C compiler ABI info
[1.575s] -- Detecting C compiler ABI info - done
[1.640s] -- Detecting C compile features
[1.642s] -- Detecting C compile features - done
[1.654s] -- Check for working CXX compiler: /usr/bin/c++
[2.092s] -- Check for working CXX compiler: /usr/bin/c++ -- works
[2.104s] -- Detecting CXX compiler ABI info
[2.595s] -- Detecting CXX compiler ABI info - done
[2.685s] -- Detecting CXX compile features
[2.687s] -- Detecting CXX compile features - done
[2.754s] -- Found ament_cmake: 1.1.6 (/opt/ros/galactic/share/ament_cmake/cmake)
[3.322s] -- Found PythonInterp: /usr/bin/python3 (found suitable version "3.8.10", minimum required is "3") 
[3.323s] -- Using PYTHON_EXECUTABLE: /usr/bin/python3
[3.824s] -- Override CMake install command with custom implementation using symlinks instead of copying resources
[4.187s] -- Found ament_lint_auto: 0.10.7 (/opt/ros/galactic/share/ament_lint_auto/cmake)
[4.815s] -- Added test 'flake8' to check Python code syntax and style conventions
[4.823s] -- Added test 'lint_cmake' to check CMake code style
[4.830s] -- Added test 'pep257' to check Python code against some of the style conventions in PEP 257
[4.845s] -- Added test 'xmllint' to check XML markup files
[4.859s] -- Configuring done
[4.882s] -- Generating done
[4.893s] -- Build files have been written to: /home/tortoisebot/smart_retail_ws/build/tortoisebot_imu
[4.913s] Invoked command in '/home/tortoisebot/smart_retail_ws/build/tortoisebot_imu' returned '0': CMAKE_PREFIX_PATH=${CMAKE_PREFIX_PATH}:/home/tortoisebot/smart_retail_ws/install/tortoisebot_control:/home/tortoisebot/smart_retail_ws/install/smart_retail_perception:/home/tortoisebot/smart_retail_ws/install/patrol_manager:/home/tortoisebot/smart_retail_ws/install/odom_fusion:/home/tortoisebot/smart_retail_ws/install/dashboard:/opt/ros/galactic:/opt/ros/galactic
: /usr/bin/cmake /home/tortoisebot/smart_retail_ws/src/tortoisebot/tortoisebot_imu -DAMENT_CMAKE_SYMLINK_INSTALL=1 -DCMAKE_INSTALL_PREFIX=/home/tortoisebot/smart_retail_ws/install/tortoisebot_imu
[4.927s] Invoking command in '/home/tortoisebot/smart_retail_ws/build/tortoisebot_imu': CMAKE_PREFIX_PATH=${CMAKE_PREFIX_PATH}:/home/tortoisebot/smart_retail_ws/install/tortoisebot_control:/home/tortoisebot/smart_retail_ws/install/smart_retail_perception:/home/tortoisebot/smart_retail_ws/install/patrol_manager:/home/tortoisebot/smart_retail_ws/install/odom_fusion:/home/tortoisebot/smart_retail_ws/install/dashboard:/opt/ros/galactic:/opt/ros/galactic
: /usr/bin/cmake --build /home/tortoisebot/smart_retail_ws/build/tortoisebot_imu -- -j4 -l4
[5.177s] Invoked command in '/home/tortoisebot/smart_retail_ws/build/tortoisebot_imu' returned '0': CMAKE_PREFIX_PATH=${CMAKE_PREFIX_PATH}:/home/tortoisebot/smart_retail_ws/install/tortoisebot_control:/home/tortoisebot/smart_retail_ws/install/smart_retail_perception:/home/tortoisebot/smart_retail_ws/install/patrol_manager:/home/tortoisebot/smart_retail_ws/install/odom_fusion:/home/tortoisebot/smart_retail_ws/install/dashboard:/opt/ros/galactic:/opt/ros/galactic
: /usr/bin/cmake --build /home/tortoisebot/smart_retail_ws/build/tortoisebot_imu -- -j4 -l4
[5.359s] Invoking command in '/home/tortoisebot/smart_retail_ws/build/tortoisebot_imu': CMAKE_PREFIX_PATH=${CMAKE_PREFIX_PATH}:/home/tortoisebot/smart_retail_ws/install/tortoisebot_control:/home/tortoisebot/smart_retail_ws/install/smart_retail_perception:/home/tortoisebot/smart_retail_ws/install/patrol_manager:/home/tortoisebot/smart_retail_ws/install/odom_fusion:/home/tortoisebot/smart_retail_ws/install/dashboard:/opt/ros/galactic:/opt/ros/galactic
: /usr/bin/cmake --install /home/tortoisebot/smart_retail_ws/build/tortoisebot_imu
[5.425s] -- Install configuration: ""
[5.427s] -- Execute custom install script
[5.428s] -- Symlinking: /home/tortoisebot/smart_retail_ws/install/tortoisebot_imu/lib/tortoisebot_imu/imu_node.py
[5.485s] -- Symlinking: /home/tortoisebot/smart_retail_ws/install/tortoisebot_imu/share/ament_index/resource_index/package_run_dependencies/tortoisebot_imu
[5.532s] -- Symlinking: /home/tortoisebot/smart_retail_ws/install/tortoisebot_imu/share/ament_index/resource_index/parent_prefix_path/tortoisebot_imu
[5.580s] -- Symlinking: /home/tortoisebot/smart_retail_ws/install/tortoisebot_imu/share/tortoisebot_imu/environment/ament_prefix_path.sh
[5.631s] -- Symlinking: /home/tortoisebot/smart_retail_ws/install/tortoisebot_imu/share/tortoisebot_imu/environment/ament_prefix_path.dsv
[5.684s] -- Symlinking: /home/tortoisebot/smart_retail_ws/install/tortoisebot_imu/share/tortoisebot_imu/environment/path.sh
[5.738s] -- Symlinking: /home/tortoisebot/smart_retail_ws/install/tortoisebot_imu/share/tortoisebot_imu/environment/path.dsv
[5.799s] -- Symlinking: /home/tortoisebot/smart_retail_ws/install/tortoisebot_imu/share/tortoisebot_imu/local_setup.bash
[5.848s] -- Symlinking: /home/tortoisebot/smart_retail_ws/install/tortoisebot_imu/share/tortoisebot_imu/local_setup.sh
[5.894s] -- Symlinking: /home/tortoisebot/smart_retail_ws/install/tortoisebot_imu/share/tortoisebot_imu/local_setup.zsh
[5.943s] -- Symlinking: /home/tortoisebot/smart_retail_ws/install/tortoisebot_imu/share/tortoisebot_imu/local_setup.dsv
[5.993s] -- Symlinking: /home/tortoisebot/smart_retail_ws/install/tortoisebot_imu/share/tortoisebot_imu/package.dsv
[6.044s] -- Symlinking: /home/tortoisebot/smart_retail_ws/install/tortoisebot_imu/share/ament_index/resource_index/packages/tortoisebot_imu
[6.104s] -- Symlinking: /home/tortoisebot/smart_retail_ws/install/tortoisebot_imu/share/tortoisebot_imu/cmake/tortoisebot_imuConfig.cmake
[6.184s] -- Symlinking: /home/tortoisebot/smart_retail_ws/install/tortoisebot_imu/share/tortoisebot_imu/cmake/tortoisebot_imuConfig-version.cmake
[6.217s] -- Symlinking: /home/tortoisebot/smart_retail_ws/install/tortoisebot_imu/share/tortoisebot_imu/package.xml
[6.280s] Invoked command in '/home/tortoisebot/smart_retail_ws/build/tortoisebot_imu' returned '0': CMAKE_PREFIX_PATH=${CMAKE_PREFIX_PATH}:/home/tortoisebot/smart_retail_ws/install/tortoisebot_control:/home/tortoisebot/smart_retail_ws/install/smart_retail_perception:/home/tortoisebot/smart_retail_ws/install/patrol_manager:/home/tortoisebot/smart_retail_ws/install/odom_fusion:/home/tortoisebot/smart_retail_ws/install/dashboard:/opt/ros/galactic:/opt/ros/galactic
: /usr/bin/cmake --install /home/tortoisebot/smart_retail_ws/build/tortoisebot_imu
