running develop
running egg_info
creating dashboard.egg-info
writing dashboard.egg-info/PKG-INFO
writing dependency_links to dashboard.egg-info/dependency_links.txt
writing entry points to dashboard.egg-info/entry_points.txt
writing requirements to dashboard.egg-info/requires.txt
writing top-level names to dashboard.egg-info/top_level.txt
writing manifest file 'dashboard.egg-info/SOURCES.txt'
reading manifest file 'dashboard.egg-info/SOURCES.txt'
writing manifest file 'dashboard.egg-info/SOURCES.txt'
running build_ext
Creating /home/tortoisebot/smart_retail_ws/install/dashboard/lib/python3.8/site-packages/dashboard.egg-link (link to .)
Installing dashboard_node script to /home/tortoisebot/smart_retail_ws/install/dashboard/lib/dashboard

Installed /home/tortoisebot/smart_retail_ws/build/dashboard
running install_data
creating /home/tortoisebot/smart_retail_ws/install/dashboard/share/ament_index
creating /home/tortoisebot/smart_retail_ws/install/dashboard/share/ament_index/resource_index
creating /home/tortoisebot/smart_retail_ws/install/dashboard/share/ament_index/resource_index/packages
copying resource/dashboard -> /home/tortoisebot/smart_retail_ws/install/dashboard/share/ament_index/resource_index/packages
copying package.xml -> /home/tortoisebot/smart_retail_ws/install/dashboard/share/dashboard
creating /home/tortoisebot/smart_retail_ws/install/dashboard/share/dashboard/launch
copying launch/dashboard.launch.py -> /home/tortoisebot/smart_retail_ws/install/dashboard/share/dashboard/launch
