running develop
running egg_info
creating smart_retail_perception.egg-info
writing smart_retail_perception.egg-info/PKG-INFO
writing dependency_links to smart_retail_perception.egg-info/dependency_links.txt
writing entry points to smart_retail_perception.egg-info/entry_points.txt
writing requirements to smart_retail_perception.egg-info/requires.txt
writing top-level names to smart_retail_perception.egg-info/top_level.txt
writing manifest file 'smart_retail_perception.egg-info/SOURCES.txt'
reading manifest file 'smart_retail_perception.egg-info/SOURCES.txt'
writing manifest file 'smart_retail_perception.egg-info/SOURCES.txt'
running build_ext
Creating /home/tortoisebot/smart_retail_ws/install/smart_retail_perception/lib/python3.8/site-packages/smart-retail-perception.egg-link (link to .)
Installing person_detector script to /home/tortoisebot/smart_retail_ws/install/smart_retail_perception/lib/smart_retail_perception

Installed /home/tortoisebot/smart_retail_ws/build/smart_retail_perception
running install_data
creating /home/tortoisebot/smart_retail_ws/install/smart_retail_perception/share/ament_index
creating /home/tortoisebot/smart_retail_ws/install/smart_retail_perception/share/ament_index/resource_index
creating /home/tortoisebot/smart_retail_ws/install/smart_retail_perception/share/ament_index/resource_index/packages
copying resource/smart_retail_perception -> /home/tortoisebot/smart_retail_ws/install/smart_retail_perception/share/ament_index/resource_index/packages
copying package.xml -> /home/tortoisebot/smart_retail_ws/install/smart_retail_perception/share/smart_retail_perception
creating /home/tortoisebot/smart_retail_ws/install/smart_retail_perception/share/smart_retail_perception/launch
copying launch/perception.launch.py -> /home/tortoisebot/smart_retail_ws/install/smart_retail_perception/share/smart_retail_perception/launch
