[8.823s] Invoking command in '/home/tortoisebot/smart_retail_ws/build/smart_retail_perception': PYTHONPATH=/home/tortoisebot/smart_retail_ws/build/smart_retail_perception/prefix_override:/home/tortoisebot/smart_retail_ws/install/smart_retail_perception/lib/python3.8/site-packages:${PYTHONPATH} /usr/bin/python3 setup.py develop --editable --build-directory /home/tortoisebot/smart_retail_ws/build/smart_retail_perception/build --no-deps install_data
[10.728s] running develop
[10.729s] /home/tortoisebot/.local/lib/python3.8/site-packages/setuptools/command/easy_install.py:156: EasyInstallDeprecationWarning: easy_install command is deprecated. Use build and pip and other standards-based tools.
[10.730s]   warnings.warn(
[10.738s] /home/tortoisebot/.local/lib/python3.8/site-packages/setuptools/command/install.py:34: SetuptoolsDeprecationWarning: setup.py install is deprecated. Use build and pip and other standards-based tools.
[10.739s]   warnings.warn(
[12.054s] running egg_info
[12.055s] creating smart_retail_perception.egg-info
[12.056s] writing smart_retail_perception.egg-info/PKG-INFO
[12.057s] writing dependency_links to smart_retail_perception.egg-info/dependency_links.txt
[12.058s] writing entry points to smart_retail_perception.egg-info/entry_points.txt
[12.059s] writing requirements to smart_retail_perception.egg-info/requires.txt
[12.060s] writing top-level names to smart_retail_perception.egg-info/top_level.txt
[12.069s] writing manifest file 'smart_retail_perception.egg-info/SOURCES.txt'
[12.077s] reading manifest file 'smart_retail_perception.egg-info/SOURCES.txt'
[12.081s] writing manifest file 'smart_retail_perception.egg-info/SOURCES.txt'
[12.365s] running build_ext
[12.369s] Creating /home/tortoisebot/smart_retail_ws/install/smart_retail_perception/lib/python3.8/site-packages/smart-retail-perception.egg-link (link to .)
[12.371s] Installing person_detector script to /home/tortoisebot/smart_retail_ws/install/smart_retail_perception/lib/smart_retail_perception
[12.373s] 
[12.375s] Installed /home/tortoisebot/smart_retail_ws/build/smart_retail_perception
[12.390s] running install_data
[12.393s] creating /home/tortoisebot/smart_retail_ws/install/smart_retail_perception/share/ament_index
[12.395s] creating /home/tortoisebot/smart_retail_ws/install/smart_retail_perception/share/ament_index/resource_index
[12.398s] creating /home/tortoisebot/smart_retail_ws/install/smart_retail_perception/share/ament_index/resource_index/packages
[12.401s] copying resource/smart_retail_perception -> /home/tortoisebot/smart_retail_ws/install/smart_retail_perception/share/ament_index/resource_index/packages
[12.403s] copying package.xml -> /home/tortoisebot/smart_retail_ws/install/smart_retail_perception/share/smart_retail_perception
[12.405s] creating /home/tortoisebot/smart_retail_ws/install/smart_retail_perception/share/smart_retail_perception/launch
[12.408s] copying launch/perception.launch.py -> /home/tortoisebot/smart_retail_ws/install/smart_retail_perception/share/smart_retail_perception/launch
[12.936s] Invoked command in '/home/tortoisebot/smart_retail_ws/build/smart_retail_perception' returned '0': PYTHONPATH=/home/tortoisebot/smart_retail_ws/build/smart_retail_perception/prefix_override:/home/tortoisebot/smart_retail_ws/install/smart_retail_perception/lib/python3.8/site-packages:${PYTHONPATH} /usr/bin/python3 setup.py develop --editable --build-directory /home/tortoisebot/smart_retail_ws/build/smart_retail_perception/build --no-deps install_data
